2398
2398   ********    1 : [1.0, 0.0]
2398   ********    2 : [0, 0]
2398   ********    3 : [0.5, 0.5]
2398   ********    4 : [0, 0]
2398   ********    5 : [0, 0]
2398   ********    6 : [0.6, 0.4]
2398   ********    7 : [1.0, 0.0]
2398   ********    8 : [0, 0]
2398   ********    9 : [0.7777777777777778, 0.2222222222222222]
2398   ********    10 : [1.0, 0.0]
2398   ********    11 : [1.0, 0.0]
2398   ********    12 : [0, 0]
2398   ********    13 : [0.7272727272727273, 0.2727272727272727]
2398   ********    14 : [1.0, 0.0]
2398   ********    15 : [0, 0]
2398   ********    16 : [0, 0]
2398   ********    17 : [0, 0]
2398   ********    18 : [0.6666666666666666, 0.3333333333333333]
2398   ********    19 : [0.9333333333333333, 0.06666666666666667]
2398   ********    20 : [0, 0]
2398   ********    21 : [0, 0]
2398   ********    22 : [1.0, 0.0]
2398   ********    23 : [0.8333333333333334, 0.16666666666666666]
2398   ********    24 : [0, 0]
2398   ********    25 : [1.0, 0.0]
2398   ********    26 : [0.75, 0.25]
2398   ********    27 : [0, 0]
2398   ********    28 : [1.0, 0.0]
2398   ********    29 : [0.8333333333333334, 0.16666666666666666]
2398   ********    30 : [0, 0]
2398   ********    31 : [0, 0]
2398   ********    32 : [0.5, 0.5]
2398   ********    33 : [0, 0]
2398   ********    34 : [1.0, 0.0]
2398   ********    35 : [1.0, 0.0]
2398   ********    36 : [0.6, 0.4]
2398   ********    37 : [1.0, 0.0]
2398   ********    38 : [0.5, 0.5]
2398   ********    39 : [0.3333333333333333, 0.6666666666666666]
2398   ********    40 : [1.0, 0.0]
2398   ********    41 : [0.0, 1.0]
2398   ********    42 : [0, 0]
2398   ********    43 : [0, 0]
2398   ********    44 : [0.8, 0.2]
2398   ********    45 : [0, 0]
2398   ********    46 : [0, 0]
2398   ********    47 : [0, 0]
2398   ********    48 : [0.6666666666666666, 0.3333333333333333]
2398   ********    49 : [1.0, 0.0]
2398   ********    50 : [0, 0]
2398   ********    51 : [1.0, 0.0]
2398   ********    52 : [1.0, 0.0]
2398   ********    53 : [0, 0]
2398   ********    54 : [1.0, 0.0]
2398   ********    55 : [0.6956521739130435, 0.30434782608695654]
2398   ********    56 : [0.5, 0.5]
2398   ********    57 : [0.5, 0.5]
2398   ********    58 : [0.8461538461538461, 0.15384615384615385]
2398   ********    59 : [1.0, 0.0]
2398   ********    60 : [0, 0]
2398   ********    61 : [1.0, 0.0]
2398   ********    62 : [1.0, 0.0]
2398   ********    63 : [0.75, 0.25]
2398   ********    64 : [0, 0]
2398   ********    65 : [1.0, 0.0]
2398   ********    66 : [0, 0]
2398   ********    67 : [0.5, 0.5]
2398   ********    68 : [0, 0]
2398   ********    69 : [1.0, 0.0]
2398   ********    70 : [0, 0]
2398   ********    71 : [0.8, 0.2]
2398   ********    72 : [1.0, 0.0]
2398   ********    73 : [1.0, 0.0]
2398   ********    74 : [1.0, 0.0]
2398   ********    75 : [0.0, 1.0]
2398   ********    76 : [1.0, 0.0]
2398   ********    77 : [0, 0]
2398   ********    78 : [0, 0]
2398   ********    79 : [0, 0]
2398   ********    80 : [0, 0]
2398   ********    81 : [1.0, 0.0]
2398   ********    82 : [1.0, 0.0]
2398   ********    83 : [0, 0]
2398   ********    84 : [0, 0]
2398   ********    85 : [0, 0]
2398   ********    86 : [0.6666666666666666, 0.3333333333333333]
2398   ********    87 : [0, 0]
2398   ********    88 : [1.0, 0.0]
2398   ********    89 : [0.75, 0.25]
2398   ********    90 : [0, 0]
2398   ********    91 : [1.0, 0.0]
2398   ********    92 : [0, 0]
2398   ********    93 : [1.0, 0.0]
2398   ********    94 : [0, 0]
2398   ********    95 : [1.0, 0.0]
2398   ********    96 : [0.5, 0.5]
2398   ********    97 : [0, 0]
2398   ********    98 : [0.75, 0.25]
2398   ********    99 : [1.0, 0.0]
2398   ********    100 : [0, 0]
2398   ********    101 : [0.875, 0.125]
2398   ********    102 : [0, 0]
2398   ********    103 : [0, 0]
2398   ********    104 : [0, 0]
2398   ********    105 : [0, 0]
2398   ********    106 : [0, 0]
2398   ********    107 : [1.0, 0.0]
2398   ********    108 : [0.8, 0.2]
2398   ********    109 : [0.8, 0.2]
2398   ********    110 : [0.0, 1.0]
2398   ********    111 : [1.0, 0.0]
2398   ********    112 : [1.0, 0.0]
2398   ********    113 : [0, 0]
2398   ********    114 : [0, 0]
2398   ********    115 : [0, 0]
2398   ********    116 : [0.5714285714285714, 0.42857142857142855]
2398   ********    117 : [0, 0]
2398   ********    118 : [0.6666666666666666, 0.3333333333333333]
2398   ********    119 : [0.0, 1.0]
2398   ********    120 : [0, 0]
2398   ********    121 : [0, 0]
2398   ********    122 : [1.0, 0.0]
2398   ********    123 : [0, 0]
2398   ********    124 : [0, 0]
2398   ********    125 : [1.0, 0.0]
2398   ********    126 : [0, 0]
2398   ********    127 : [0.6666666666666666, 0.3333333333333333]
2398   ********    128 : [0, 0]
2398   ********    129 : [0.6, 0.4]
2398   ********    130 : [0, 0]
2398   ********    131 : [0.0, 1.0]
2398   ********    132 : [1.0, 0.0]
2398   ********    133 : [1.0, 0.0]
2398   ********    134 : [0.3333333333333333, 0.6666666666666666]
2398   ********    135 : [0.3333333333333333, 0.6666666666666666]
2398   ********    136 : [1.0, 0.0]
2398   ********    137 : [0, 0]
2398   ********    138 : [0.6666666666666666, 0.3333333333333333]
2398   ********    139 : [0, 0]
2398   ********    140 : [0.0, 1.0]
2398   ********    141 : [1.0, 0.0]
2398   ********    142 : [1.0, 0.0]
2398   ********    143 : [0, 0]
2398   ********    144 : [1.0, 0.0]
2398   ********    145 : [1.0, 0.0]
2398   ********    146 : [0, 0]
2398   ********    147 : [0.8235294117647058, 0.17647058823529413]
2398   ********    148 : [1.0, 0.0]
2398   ********    149 : [1.0, 0.0]
2398   ********    150 : [1.0, 0.0]
2398   ********    151 : [1.0, 0.0]
2398   ********    152 : [1.0, 0.0]
2398   ********    153 : [0.5, 0.5]
2398   ********    154 : [0, 0]
2398   ********    155 : [0, 0]
2398   ********    156 : [0.95, 0.05]
2398   ********    157 : [0.5714285714285714, 0.42857142857142855]
2398   ********    158 : [1.0, 0.0]
2398   ********    159 : [0.0, 1.0]
2398   ********    160 : [0, 0]
2398   ********    161 : [0.6666666666666666, 0.3333333333333333]
2398   ********    162 : [0, 0]
2398   ********    163 : [0, 0]
2398   ********    164 : [1.0, 0.0]
2398   ********    165 : [0, 0]
2398   ********    166 : [0.6666666666666666, 0.3333333333333333]
2398   ********    167 : [0, 0]
2398   ********    168 : [1.0, 0.0]
2398   ********    169 : [0, 0]
2398   ********    170 : [0, 0]
2398   ********    171 : [0.0, 1.0]
2398   ********    172 : [0, 0]
2398   ********    173 : [1.0, 0.0]
2398   ********    174 : [0, 0]
2398   ********    175 : [0.0, 1.0]
2398   ********    176 : [0, 0]
2398   ********    177 : [1.0, 0.0]
2398   ********    178 : [0.75, 0.25]
2398   ********    179 : [0.75, 0.25]
2398   ********    180 : [0.9444444444444444, 0.05555555555555555]
2398   ********    181 : [0, 0]
2398   ********    182 : [1.0, 0.0]
2398   ********    183 : [1.0, 0.0]
2398   ********    184 : [0, 0]
2398   ********    185 : [1.0, 0.0]
2398   ********    186 : [1.0, 0.0]
2398   ********    187 : [0, 0]
2398   ********    188 : [0, 0]
2398   ********    189 : [0, 0]
2398   ********    190 : [1.0, 0.0]
2398   ********    191 : [0.75, 0.25]
2398   ********    192 : [1.0, 0.0]
2398   ********    193 : [1.0, 0.0]
2398   ********    194 : [1.0, 0.0]
2398   ********    195 : [1.0, 0.0]
2398   ********    196 : [0.6666666666666666, 0.3333333333333333]
2398   ********    197 : [0, 0]
2398   ********    198 : [1.0, 0.0]
2398   ********    199 : [0.8235294117647058, 0.17647058823529413]
2398   ********    200 : [0, 0]
2398   ********    201 : [0, 0]
2398   ********    202 : [1.0, 0.0]
2398   ********    203 : [1.0, 0.0]
2398   ********    204 : [1.0, 0.0]
2398   ********    205 : [0, 0]
2398   ********    206 : [1.0, 0.0]
2398   ********    207 : [1.0, 0.0]
2398   ********    208 : [0, 0]
2398   ********    209 : [1.0, 0.0]
2398   ********    210 : [0, 0]
2398   ********    211 : [0, 0]
2398   ********    212 : [0, 0]
2398   ********    213 : [0, 0]
2398   ********    214 : [0, 0]
2398   ********    215 : [0.8, 0.2]
2398   ********    216 : [0, 0]
2398   ********    217 : [1.0, 0.0]
2398   ********    218 : [1.0, 0.0]
2398   ********    219 : [0, 0]
2398   ********    220 : [0.0, 1.0]
2398   ********    221 : [0, 0]
2398   ********    222 : [1.0, 0.0]
2398   ********    223 : [1.0, 0.0]
2398   ********    224 : [0.5555555555555556, 0.4444444444444444]
2398   ********    225 : [0, 0]
2398   ********    226 : [1.0, 0.0]
2398   ********    227 : [0.0, 1.0]
2398   ********    228 : [0.8, 0.2]
2398   ********    229 : [0.8888888888888888, 0.1111111111111111]
2398   ********    230 : [0, 0]
2398   ********    231 : [0, 0]
2398   ********    232 : [1.0, 0.0]
2398   ********    233 : [1.0, 0.0]
2398   ********    234 : [1.0, 0.0]
2398   ********    235 : [0.6666666666666666, 0.3333333333333333]
2398   ********    236 : [1.0, 0.0]
2398   ********    237 : [0, 0]
2398   ********    238 : [0.5, 0.5]
2398   ********    239 : [0.9090909090909091, 0.09090909090909091]
2398   ********    240 : [0, 0]
2398   ********    241 : [0.8, 0.2]
2398   ********    242 : [0, 0]
2398   ********    243 : [1.0, 0.0]
2398   ********    244 : [0, 0]
2398   ********    245 : [0, 0]
2398   ********    246 : [1.0, 0.0]
2398   ********    247 : [1.0, 0.0]
2398   ********    248 : [1.0, 0.0]
2398   ********    249 : [1.0, 0.0]
2398   ********    250 : [0.6666666666666666, 0.3333333333333333]
2398   ********    251 : [0, 0]
2398   ********    252 : [1.0, 0.0]
2398   ********    253 : [0.75, 0.25]
2398   ********    254 : [0.0, 1.0]
2398   ********    255 : [1.0, 0.0]
2398   ********    256 : [0, 0]
2398   ********    257 : [0.5, 0.5]
2398   ********    258 : [0.42857142857142855, 0.5714285714285714]
2398   ********    259 : [0.6666666666666666, 0.3333333333333333]
2398   ********    260 : [1.0, 0.0]
2398   ********    261 : [0.8181818181818182, 0.18181818181818182]
2398   ********    262 : [1.0, 0.0]
2398   ********    263 : [0.25, 0.75]
2398   ********    264 : [0, 0]
2398   ********    265 : [0, 0]
2398   ********    266 : [0.8235294117647058, 0.17647058823529413]
2398   ********    267 : [0.0, 1.0]
2398   ********    268 : [1.0, 0.0]
2398   ********    269 : [1.0, 0.0]
2398   ********    270 : [0, 0]
2398   ********    271 : [0, 0]
2398   ********    272 : [0.5, 0.5]
2398   ********    273 : [0, 0]
2398   ********    274 : [1.0, 0.0]
2398   ********    275 : [1.0, 0.0]
2398   ********    276 : [1.0, 0.0]
2398   ********    277 : [0.75, 0.25]
2398   ********    278 : [1.0, 0.0]
2398   ********    279 : [0, 0]
2398   ********    280 : [0, 0]
2398   ********    281 : [0, 0]
2398   ********    282 : [0.75, 0.25]
2398   ********    283 : [1.0, 0.0]
2398   ********    284 : [1.0, 0.0]
2398   ********    285 : [0.7428571428571429, 0.2571428571428571]
2398   ********    286 : [0, 0]
2398   ********    287 : [0.8888888888888888, 0.1111111111111111]
2398   ********    288 : [0.0, 1.0]
2398   ********    289 : [0, 0]
2398   ********    290 : [0, 0]
2398   ********    291 : [0, 0]
2398   ********    292 : [0.8888888888888888, 0.1111111111111111]
2398   ********    293 : [0.8571428571428571, 0.14285714285714285]
2398   ********    294 : [1.0, 0.0]
2398   ********    295 : [0, 0]
2398   ********    296 : [0.5, 0.5]
2398   ********    297 : [0, 0]
2398   ********    298 : [0.6666666666666666, 0.3333333333333333]
2398   ********    299 : [0, 0]
2398   ********    300 : [1.0, 0.0]
2398   ********    301 : [0, 0]
2398   ********    302 : [0.5714285714285714, 0.42857142857142855]
2398   ********    303 : [1.0, 0.0]
2398   ********    304 : [0, 0]
2398   ********    305 : [0, 0]
2398   ********    306 : [0, 0]
2398   ********    307 : [1.0, 0.0]
2398   ********    308 : [0.0, 1.0]
2398   ********    309 : [0.7, 0.3]
2398   ********    310 : [1.0, 0.0]
2398   ********    311 : [1.0, 0.0]
2398   ********    312 : [0, 0]
2398   ********    313 : [0, 0]
2398   ********    314 : [0, 0]
2398   ********    315 : [0, 0]
2398   ********    316 : [1.0, 0.0]
2398   ********    317 : [0.5, 0.5]
2398   ********    318 : [0, 0]
2398   ********    319 : [0.75, 0.25]
2398   ********    320 : [1.0, 0.0]
2398   ********    321 : [1.0, 0.0]
2398   ********    322 : [0.3333333333333333, 0.6666666666666666]
2398   ********    323 : [0.75, 0.25]
2398   ********    324 : [1.0, 0.0]
2398   ********    325 : [0, 0]
2398   ********    326 : [0, 0]
2398   ********    327 : [1.0, 0.0]
2398   ********    328 : [0.0, 1.0]
2398   ********    329 : [1.0, 0.0]
2398   ********    330 : [1.0, 0.0]
2398   ********    331 : [0, 0]
2398   ********    332 : [0, 0]
2398   ********    333 : [0, 0]
2398   ********    334 : [0, 0]
2398   ********    335 : [0.8, 0.2]
2398   ********    336 : [1.0, 0.0]
2398   ********    337 : [0, 0]
2398   ********    338 : [0, 0]
2398   ********    339 : [0.6666666666666666, 0.3333333333333333]
2398   ********    340 : [0.5714285714285714, 0.42857142857142855]
2398   ********    341 : [1.0, 0.0]
2398   ********    342 : [1.0, 0.0]
2398   ********    343 : [0.6666666666666666, 0.3333333333333333]
2398   ********    344 : [0.5, 0.5]
2398   ********    345 : [0, 0]
2398   ********    346 : [1.0, 0.0]
2398   ********    347 : [0, 0]
2398   ********    348 : [0, 0]
2398   ********    349 : [1.0, 0.0]
2398   ********    350 : [1.0, 0.0]
2398   ********    351 : [1.0, 0.0]
2398   ********    352 : [0.5, 0.5]
2398   ********    353 : [1.0, 0.0]
2398   ********    354 : [0.6666666666666666, 0.3333333333333333]
2398   ********    355 : [0, 0]
2398   ********    356 : [0, 0]
2398   ********    357 : [0.0, 1.0]
2398   ********    358 : [0, 0]
2398   ********    359 : [0, 0]
2398   ********    360 : [0.5, 0.5]
2398   ********    361 : [0, 0]
2398   ********    362 : [0, 0]
2398   ********    363 : [0.6666666666666666, 0.3333333333333333]
2398   ********    364 : [1.0, 0.0]
2398   ********    365 : [0.0, 1.0]
2398   ********    366 : [0, 0]
2398   ********    367 : [0.8, 0.2]
2398   ********    368 : [0.0, 1.0]
2398   ********    369 : [1.0, 0.0]
2398   ********    370 : [0.0, 1.0]
2398   ********    371 : [0, 0]
2398   ********    372 : [1.0, 0.0]
2398   ********    373 : [0, 0]
2398   ********    374 : [1.0, 0.0]
2398   ********    375 : [1.0, 0.0]
2398   ********    376 : [1.0, 0.0]
2398   ********    377 : [1.0, 0.0]
2398   ********    378 : [1.0, 0.0]
2398   ********    379 : [1.0, 0.0]
2398   ********    380 : [0.75, 0.25]
2398   ********    381 : [0, 0]
2398   ********    382 : [0, 0]
2398   ********    383 : [0.3333333333333333, 0.6666666666666666]
2398   ********    384 : [1.0, 0.0]
2398   ********    385 : [1.0, 0.0]
2398   ********    386 : [1.0, 0.0]
2398   ********    387 : [0, 0]
2398   ********    388 : [0, 0]
2398   ********    389 : [0, 0]
2398   ********    390 : [0, 0]
2398   ********    391 : [1.0, 0.0]
2398   ********    392 : [0, 0]
2398   ********    393 : [0, 0]
2398   ********    394 : [1.0, 0.0]
2398   ********    395 : [1.0, 0.0]
2398   ********    396 : [1.0, 0.0]
2398   ********    397 : [0, 0]
2398   ********    398 : [1.0, 0.0]
2398   ********    399 : [0, 0]
2398   ********    400 : [0, 0]
2398   ********    401 : [0, 0]
2398   ********    402 : [0.6666666666666666, 0.3333333333333333]
2398   ********    403 : [1.0, 0.0]
2398   ********    404 : [0.0, 1.0]
2398   ********    405 : [0.8, 0.2]
2398   ********    406 : [1.0, 0.0]
2398   ********    407 : [0.625, 0.375]
2398   ********    408 : [0, 0]
2398   ********    409 : [0.75, 0.25]
2398   ********    410 : [0, 0]
2398   ********    411 : [0.0, 1.0]
2398   ********    412 : [0.75, 0.25]
2398   ********    413 : [0, 0]
2398   ********    414 : [1.0, 0.0]
2398   ********    415 : [0.875, 0.125]
2398   ********    416 : [0.5, 0.5]
2398   ********    417 : [1.0, 0.0]
2398   ********    418 : [0, 0]
2398   ********    419 : [0, 0]
2398   ********    420 : [0.0, 1.0]
2398   ********    421 : [0, 0]
2398   ********    422 : [1.0, 0.0]
2398   ********    423 : [1.0, 0.0]
2398   ********    424 : [0, 0]
2398   ********    425 : [1.0, 0.0]
2398   ********    426 : [0.76, 0.24]
2398   ********    427 : [1.0, 0.0]
2398   ********    428 : [1.0, 0.0]
2398   ********    429 : [1.0, 0.0]
2398   ********    430 : [1.0, 0.0]
2398   ********    431 : [1.0, 0.0]
2398   ********    432 : [0, 0]
2398   ********    433 : [0, 0]
2398   ********    434 : [1.0, 0.0]
2398   ********    435 : [0, 0]
2398   ********    436 : [1.0, 0.0]
2398   ********    437 : [1.0, 0.0]
2398   ********    438 : [0.5, 0.5]
2398   ********    439 : [1.0, 0.0]
2398   ********    440 : [1.0, 0.0]
2398   ********    441 : [0, 0]
2398   ********    442 : [1.0, 0.0]
2398   ********    443 : [0.0, 1.0]
2398   ********    444 : [1.0, 0.0]
2398   ********    445 : [0.6666666666666666, 0.3333333333333333]
2398   ********    446 : [0, 0]
2398   ********    447 : [1.0, 0.0]
2398   ********    448 : [0.75, 0.25]
2398   ********    449 : [1.0, 0.0]
2398   ********    450 : [1.0, 0.0]
2398   ********    451 : [0, 0]
2398   ********    452 : [1.0, 0.0]
2398   ********    453 : [1.0, 0.0]
2398   ********    454 : [0.75, 0.25]
2398   ********    455 : [0, 0]
2398   ********    456 : [0, 0]
2398   ********    457 : [0.6666666666666666, 0.3333333333333333]
2398   ********    458 : [0.75, 0.25]
2398   ********    459 : [0, 0]
2398   ********    460 : [0.8333333333333334, 0.16666666666666666]
2398   ********    461 : [1.0, 0.0]
2398   ********    462 : [1.0, 0.0]
2398   ********    463 : [1.0, 0.0]
2398   ********    464 : [0.0, 1.0]
2398   ********    465 : [0, 0]
2398   ********    466 : [0, 0]
2398   ********    467 : [1.0, 0.0]
2398   ********    468 : [0, 0]
2398   ********    469 : [0, 0]
2398   ********    470 : [0.4, 0.6]
2398   ********    471 : [1.0, 0.0]
2398   ********    472 : [0.6666666666666666, 0.3333333333333333]
2398   ********    473 : [0, 0]
2398   ********    474 : [1.0, 0.0]
2398   ********    475 : [1.0, 0.0]
2398   ********    476 : [1.0, 0.0]
2398   ********    477 : [0.7692307692307693, 0.23076923076923078]
2398   ********    478 : [0, 0]
2398   ********    479 : [1.0, 0.0]
2398   ********    480 : [1.0, 0.0]
2398   ********    481 : [0, 0]
2398   ********    482 : [0, 0]
2398   ********    483 : [0.0, 1.0]
2398   ********    484 : [0.5, 0.5]
2398   ********    485 : [1.0, 0.0]
2398   ********    486 : [0, 0]
2398   ********    487 : [0, 0]
2398   ********    488 : [0, 0]
2398   ********    489 : [0.75, 0.25]
2398   ********    490 : [0, 0]
2398   ********    491 : [0, 0]
2398   ********    492 : [0.7058823529411765, 0.29411764705882354]
2398   ********    493 : [1.0, 0.0]
2398   ********    494 : [0.8333333333333334, 0.16666666666666666]
2398   ********    495 : [0, 0]
2398   ********    496 : [0, 0]
2398   ********    497 : [0, 0]
2398   ********    498 : [0, 0]
2398   ********    499 : [1.0, 0.0]
2398   ********    500 : [1.0, 0.0]
2398   ********    501 : [0.75, 0.25]
2398   ********    502 : [1.0, 0.0]
2398   ********    503 : [0.75, 0.25]
2398   ********    504 : [0.7142857142857143, 0.2857142857142857]
2398   ********    505 : [0, 0]
2398   ********    506 : [1.0, 0.0]
2398   ********    507 : [0.6666666666666666, 0.3333333333333333]
2398   ********    508 : [0.8333333333333334, 0.16666666666666666]
2398   ********    509 : [0, 0]
2398   ********    510 : [1.0, 0.0]
2398   ********    511 : [0, 0]
2398   ********    512 : [0.75, 0.25]
2398   ********    513 : [0, 0]
2398   ********    514 : [1.0, 0.0]
2398   ********    515 : [0.8333333333333334, 0.16666666666666666]
2398   ********    516 : [0.0, 1.0]
2398   ********    517 : [1.0, 0.0]
2398   ********    518 : [0, 0]
2398   ********    519 : [0.6666666666666666, 0.3333333333333333]
2398   ********    520 : [1.0, 0.0]
2398   ********    521 : [1.0, 0.0]
2398   ********    522 : [0.8, 0.2]
2398   ********    523 : [0.0, 1.0]
2398   ********    524 : [0.5, 0.5]
2398   ********    525 : [1.0, 0.0]
2398   ********    526 : [0, 0]
2398   ********    527 : [0.5, 0.5]
2398   ********    528 : [0, 0]
2398   ********    529 : [0, 0]
2398   ********    530 : [1.0, 0.0]
2398   ********    531 : [0, 0]
2398   ********    532 : [0.6666666666666666, 0.3333333333333333]
2398   ********    533 : [0.6666666666666666, 0.3333333333333333]
2398   ********    534 : [1.0, 0.0]
2398   ********    535 : [0.8, 0.2]
2398   ********    536 : [0.0, 1.0]
2398   ********    537 : [0, 0]
2398   ********    538 : [0, 0]
2398   ********    539 : [1.0, 0.0]
2398   ********    540 : [1.0, 0.0]
2398   ********    541 : [0.5, 0.5]
2398   ********    542 : [0, 0]
2398   ********    543 : [0.0, 1.0]
2398   ********    544 : [1.0, 0.0]
2398   ********    545 : [0.75, 0.25]
2398   ********    546 : [0, 0]
2398   ********    547 : [1.0, 0.0]
2398   ********    548 : [1.0, 0.0]
2398   ********    549 : [0.5, 0.5]
2398   ********    550 : [0, 0]
2398   ********    551 : [0, 0]
2398   ********    552 : [0, 0]
2398   ********    553 : [0.6666666666666666, 0.3333333333333333]
2398   ********    554 : [0, 0]
2398   ********    555 : [0, 0]
2398   ********    556 : [1.0, 0.0]
2398   ********    557 : [0, 0]
2398   ********    558 : [1.0, 0.0]
2398   ********    559 : [1.0, 0.0]
2398   ********    560 : [0.75, 0.25]
2398   ********    561 : [0.7142857142857143, 0.2857142857142857]
2398   ********    562 : [0.6666666666666666, 0.3333333333333333]
2398   ********    563 : [0.8333333333333334, 0.16666666666666666]
2398   ********    564 : [1.0, 0.0]
2398   ********    565 : [0, 0]
2398   ********    566 : [1.0, 0.0]
2398   ********    567 : [0, 0]
2398   ********    568 : [1.0, 0.0]
2398   ********    569 : [1.0, 0.0]
2398   ********    570 : [0, 0]
2398   ********    571 : [0, 0]
2398   ********    572 : [0, 0]
2398   ********    573 : [0.8571428571428571, 0.14285714285714285]
2398   ********    574 : [0, 0]
2398   ********    575 : [0, 0]
2398   ********    576 : [0, 0]
2398   ********    577 : [0.7222222222222222, 0.2777777777777778]
2398   ********    578 : [0.8571428571428571, 0.14285714285714285]
2398   ********    579 : [1.0, 0.0]
2398   ********    580 : [0, 0]
2398   ********    581 : [0.6666666666666666, 0.3333333333333333]
2398   ********    582 : [0, 0]
2398   ********    583 : [0, 0]
2398   ********    584 : [0, 0]
2398   ********    585 : [1.0, 0.0]
2398   ********    586 : [0, 0]
2398   ********    587 : [1.0, 0.0]
2398   ********    588 : [1.0, 0.0]
2398   ********    589 : [0, 0]
2398   ********    590 : [1.0, 0.0]
2398   ********    591 : [0.0, 1.0]
2398   ********    592 : [1.0, 0.0]
2398   ********    593 : [1.0, 0.0]
2398   ********    594 : [0.6666666666666666, 0.3333333333333333]
2398   ********    595 : [1.0, 0.0]
2398   ********    596 : [0, 0]
2398   ********    597 : [0.75, 0.25]
2398   ********    598 : [0.7777777777777778, 0.2222222222222222]
2398   ********    599 : [1.0, 0.0]
2398   ********    600 : [1.0, 0.0]
2398   ********    601 : [0, 0]
2398   ********    602 : [1.0, 0.0]
2398   ********    603 : [0.6666666666666666, 0.3333333333333333]
2398   ********    604 : [0, 0]
2398   ********    605 : [0, 0]
2398   ********    606 : [0, 0]
2398   ********    607 : [0, 0]
2398   ********    608 : [0, 0]
2398   ********    609 : [0.5, 0.5]
2398   ********    610 : [0.7, 0.3]
2398   ********    611 : [0.7142857142857143, 0.2857142857142857]
2398   ********    612 : [0, 0]
2398   ********    613 : [0.7777777777777778, 0.2222222222222222]
2398   ********    614 : [0.9166666666666666, 0.08333333333333333]
2398   ********    615 : [0.8, 0.2]
2398   ********    616 : [0, 0]
2398   ********    617 : [0.6666666666666666, 0.3333333333333333]
2398   ********    618 : [0, 0]
2398   ********    619 : [1.0, 0.0]
2398   ********    620 : [1.0, 0.0]
2398   ********    621 : [0.8, 0.2]
2398   ********    622 : [0, 0]
2398   ********    623 : [0.75, 0.25]
2398   ********    624 : [0, 0]
2398   ********    625 : [1.0, 0.0]
2398   ********    626 : [1.0, 0.0]
2398   ********    627 : [0.6, 0.4]
2398   ********    628 : [0, 0]
2398   ********    629 : [0, 0]
2398   ********    630 : [0.75, 0.25]
2398   ********    631 : [0.6666666666666666, 0.3333333333333333]
2398   ********    632 : [0, 0]
2398   ********    633 : [0.9230769230769231, 0.07692307692307693]
2398   ********    634 : [0, 0]
2398   ********    635 : [1.0, 0.0]
2398   ********    636 : [1.0, 0.0]
2398   ********    637 : [0, 0]
2398   ********    638 : [1.0, 0.0]
2398   ********    639 : [0.8823529411764706, 0.11764705882352941]
2398   ********    640 : [1.0, 0.0]
2398   ********    641 : [0, 0]
2398   ********    642 : [1.0, 0.0]
2398   ********    643 : [0, 0]
2398   ********    644 : [0, 0]
2398   ********    645 : [0, 0]
2398   ********    646 : [0, 0]
2398   ********    647 : [0.6666666666666666, 0.3333333333333333]
2398   ********    648 : [1.0, 0.0]
2398   ********    649 : [0, 0]
2398   ********    650 : [1.0, 0.0]
2398   ********    651 : [1.0, 0.0]
2398   ********    652 : [0.0, 1.0]
2398   ********    653 : [1.0, 0.0]
2398   ********    654 : [0, 0]
2398   ********    655 : [0.6666666666666666, 0.3333333333333333]
2398   ********    656 : [1.0, 0.0]
2398   ********    657 : [1.0, 0.0]
2398   ********    658 : [0.0, 1.0]
2398   ********    659 : [1.0, 0.0]
2398   ********    660 : [0.6, 0.4]
2398   ********    661 : [1.0, 0.0]
2398   ********    662 : [0, 0]
2398   ********    663 : [0.7333333333333333, 0.26666666666666666]
2398   ********    664 : [0.5, 0.5]
2398   ********    665 : [0.9, 0.1]
2398   ********    666 : [0, 0]
2398   ********    667 : [0, 0]
2398   ********    668 : [0, 0]
2398   ********    669 : [0.75, 0.25]
2398   ********    670 : [0.5, 0.5]
2398   ********    671 : [0, 0]
2398   ********    672 : [0.8571428571428571, 0.14285714285714285]
2398   ********    673 : [0, 0]
2398   ********    674 : [1.0, 0.0]
2398   ********    675 : [0, 0]
2398   ********    676 : [0, 0]
2398   ********    677 : [1.0, 0.0]
2398   ********    678 : [0.625, 0.375]
2398   ********    679 : [1.0, 0.0]
2398   ********    680 : [1.0, 0.0]
2398   ********    681 : [0, 0]
2398   ********    682 : [0.5, 0.5]
2398   ********    683 : [1.0, 0.0]
2398   ********    684 : [0.75, 0.25]
2398   ********    685 : [1.0, 0.0]
2398   ********    686 : [1.0, 0.0]
2398   ********    687 : [1.0, 0.0]
2398   ********    688 : [0, 0]
2398   ********    689 : [0, 0]
2398   ********    690 : [0.7692307692307693, 0.23076923076923078]
2398   ********    691 : [0, 0]
2398   ********    692 : [1.0, 0.0]
2398   ********    693 : [0.0, 1.0]
2398   ********    694 : [0, 0]
2398   ********    695 : [0.0, 1.0]
2398   ********    696 : [0.7142857142857143, 0.2857142857142857]
2398   ********    697 : [0, 0]
2398   ********    698 : [0, 0]
2398   ********    699 : [1.0, 0.0]
2398   ********    700 : [1.0, 0.0]
2398   ********    701 : [1.0, 0.0]
2398   ********    702 : [0, 0]
2398   ********    703 : [0, 0]
2398   ********    704 : [0.6666666666666666, 0.3333333333333333]
2398   ********    705 : [1.0, 0.0]
2398   ********    706 : [0.7, 0.3]
2398   ********    707 : [0, 0]
2398   ********    708 : [1.0, 0.0]
2398   ********    709 : [0, 0]
2398   ********    710 : [0, 0]
2398   ********    711 : [0.0, 1.0]
2398   ********    712 : [0, 0]
2398   ********    713 : [1.0, 0.0]
2398   ********    714 : [0.7096774193548387, 0.2903225806451613]
2398   ********    715 : [0, 0]
2398   ********    716 : [1.0, 0.0]
2398   ********    717 : [1.0, 0.0]
2398   ********    718 : [0.5, 0.5]
2398   ********    719 : [0.0, 1.0]
2398   ********    720 : [0, 0]
2398   ********    721 : [0.75, 0.25]
2398   ********    722 : [1.0, 0.0]
2398   ********    723 : [0.0, 1.0]
2398   ********    724 : [0, 0]
2398   ********    725 : [0, 0]
2398   ********    726 : [1.0, 0.0]
2398   ********    727 : [1.0, 0.0]
2398   ********    728 : [0, 0]
2398   ********    729 : [0, 0]
2398   ********    730 : [0.3333333333333333, 0.6666666666666666]
2398   ********    731 : [1.0, 0.0]
2398   ********    732 : [0.5, 0.5]
2398   ********    733 : [1.0, 0.0]
2398   ********    734 : [0, 0]
2398   ********    735 : [0, 0]
2398   ********    736 : [0.75, 0.25]
2398   ********    737 : [1.0, 0.0]
2398   ********    738 : [0, 0]
2398   ********    739 : [0.7692307692307693, 0.23076923076923078]
2398   ********    740 : [1.0, 0.0]
2398   ********    741 : [0.6666666666666666, 0.3333333333333333]
2398   ********    742 : [0.7, 0.3]
2398   ********    743 : [0.5, 0.5]
2398   ********    744 : [0, 0]
2398   ********    745 : [1.0, 0.0]
2398   ********    746 : [0.8571428571428571, 0.14285714285714285]
2398   ********    747 : [0, 0]
2398   ********    748 : [1.0, 0.0]
2398   ********    749 : [0, 0]
2398   ********    750 : [0, 0]
2398   ********    751 : [0, 0]
2398   ********    752 : [0, 0]
2398   ********    753 : [0, 0]
2398   ********    754 : [0, 0]
2398   ********    755 : [0, 0]
2398   ********    756 : [1.0, 0.0]
2398   ********    757 : [1.0, 0.0]
2398   ********    758 : [0.8, 0.2]
2398   ********    759 : [1.0, 0.0]
2398   ********    760 : [0.6363636363636364, 0.36363636363636365]
2398   ********    761 : [1.0, 0.0]
2398   ********    762 : [1.0, 0.0]
2398   ********    763 : [0.6666666666666666, 0.3333333333333333]
2398   ********    764 : [0.75, 0.25]
2398   ********    765 : [1.0, 0.0]
2398   ********    766 : [0, 0]
2398   ********    767 : [1.0, 0.0]
2398   ********    768 : [1.0, 0.0]
2398   ********    769 : [0, 0]
2398   ********    770 : [0.0, 1.0]
2398   ********    771 : [0, 0]
2398   ********    772 : [0, 0]
2398   ********    773 : [0, 0]
2398   ********    774 : [1.0, 0.0]
2398   ********    775 : [0.8, 0.2]
2398   ********    776 : [1.0, 0.0]
2398   ********    777 : [0.6666666666666666, 0.3333333333333333]
2398   ********    778 : [1.0, 0.0]
2398   ********    779 : [0, 0]
2398   ********    780 : [0.6666666666666666, 0.3333333333333333]
2398   ********    781 : [0.625, 0.375]
2398   ********    782 : [1.0, 0.0]
2398   ********    783 : [0.4, 0.6]
2398   ********    784 : [1.0, 0.0]
2398   ********    785 : [0.9090909090909091, 0.09090909090909091]
2398   ********    786 : [0, 0]
2398   ********    787 : [1.0, 0.0]
2398   ********    788 : [1.0, 0.0]
2398   ********    789 : [0.9090909090909091, 0.09090909090909091]
2398   ********    790 : [0, 0]
2398   ********    791 : [0, 0]
2398   ********    792 : [1.0, 0.0]
2398   ********    793 : [1.0, 0.0]
2398   ********    794 : [1.0, 0.0]
2398   ********    795 : [1.0, 0.0]
2398   ********    796 : [1.0, 0.0]
2398   ********    797 : [0, 0]
2398   ********    798 : [0, 0]
2398   ********    799 : [1.0, 0.0]
2398   ********    800 : [0, 0]
2398   ********    801 : [0.5, 0.5]
2398   ********    802 : [0, 0]
2398   ********    803 : [0.8333333333333334, 0.16666666666666666]
2398   ********    804 : [0.3333333333333333, 0.6666666666666666]
2398   ********    805 : [0.6666666666666666, 0.3333333333333333]
2398   ********    806 : [0, 0]
2398   ********    807 : [0, 0]
2398   ********    808 : [1.0, 0.0]
2398   ********    809 : [1.0, 0.0]
2398   ********    810 : [0, 0]
2398   ********    811 : [0.75, 0.25]
2398   ********    812 : [0, 0]
2398   ********    813 : [0, 0]
2398   ********    814 : [1.0, 0.0]
2398   ********    815 : [1.0, 0.0]
2398   ********    816 : [0, 0]
2398   ********    817 : [0.75, 0.25]
2398   ********    818 : [0.0, 1.0]
2398   ********    819 : [0.875, 0.125]
2398   ********    820 : [0.5, 0.5]
2398   ********    821 : [0, 0]
2398   ********    822 : [0, 0]
2398   ********    823 : [1.0, 0.0]
2398   ********    824 : [1.0, 0.0]
2398   ********    825 : [0.6666666666666666, 0.3333333333333333]
2398   ********    826 : [0, 0]
2398   ********    827 : [0, 0]
2398   ********    828 : [0.0, 1.0]
2398   ********    829 : [1.0, 0.0]
2398   ********    830 : [0.5, 0.5]
2398   ********    831 : [0.7045454545454546, 0.29545454545454547]
2398   ********    832 : [0.7142857142857143, 0.2857142857142857]
2398   ********    833 : [0.8333333333333334, 0.16666666666666666]
2398   ********    834 : [0.0, 1.0]
2398   ********    835 : [1.0, 0.0]
2398   ********    836 : [0, 0]
2398   ********    837 : [0.3333333333333333, 0.6666666666666666]
2398   ********    838 : [0.0, 1.0]
2398   ********    839 : [0.5, 0.5]
2398   ********    840 : [1.0, 0.0]
2398   ********    841 : [1.0, 0.0]
2398   ********    842 : [0.5, 0.5]
2398   ********    843 : [1.0, 0.0]
2398   ********    844 : [0, 0]
2398   ********    845 : [0.6, 0.4]
2398   ********    846 : [0, 0]
2398   ********    847 : [0.75, 0.25]
2398   ********    848 : [1.0, 0.0]
2398   ********    849 : [1.0, 0.0]
2398   ********    850 : [1.0, 0.0]
2398   ********    851 : [1.0, 0.0]
2398   ********    852 : [1.0, 0.0]
2398   ********    853 : [0.6666666666666666, 0.3333333333333333]
2398   ********    854 : [0, 0]
2398   ********    855 : [0.0, 1.0]
2398   ********    856 : [0, 0]
2398   ********    857 : [0.9411764705882353, 0.058823529411764705]
2398   ********    858 : [0.8, 0.2]
2398   ********    859 : [0, 0]
2398   ********    860 : [0, 0]
2398   ********    861 : [0.6666666666666666, 0.3333333333333333]
2398   ********    862 : [1.0, 0.0]
2398   ********    863 : [0.5, 0.5]
2398   ********    864 : [0.5714285714285714, 0.42857142857142855]
2398   ********    865 : [1.0, 0.0]
2398   ********    866 : [0, 0]
2398   ********    867 : [0, 0]
2398   ********    868 : [0, 0]
2398   ********    869 : [1.0, 0.0]
2398   ********    870 : [1.0, 0.0]
2398   ********    871 : [0.6666666666666666, 0.3333333333333333]
2398   ********    872 : [1.0, 0.0]
2398   ********    873 : [0.5, 0.5]
2398   ********    874 : [0.0, 1.0]
2398   ********    875 : [0, 0]
2398   ********    876 : [1.0, 0.0]
2398   ********    877 : [0.6666666666666666, 0.3333333333333333]
2398   ********    878 : [1.0, 0.0]
2398   ********    879 : [1.0, 0.0]
2398   ********    880 : [0.5, 0.5]
2398   ********    881 : [0.0, 1.0]
2398   ********    882 : [1.0, 0.0]
2398   ********    883 : [1.0, 0.0]
2398   ********    884 : [0, 0]
2398   ********    885 : [1.0, 0.0]
2398   ********    886 : [0.75, 0.25]
2398   ********    887 : [1.0, 0.0]
2398   ********    888 : [0, 0]
2398   ********    889 : [0, 0]
2398   ********    890 : [0, 0]
2398   ********    891 : [1.0, 0.0]
2398   ********    892 : [0.7777777777777778, 0.2222222222222222]
2398   ********    893 : [0.0, 1.0]
2398   ********    894 : [0.4166666666666667, 0.5833333333333334]
2398   ********    895 : [1.0, 0.0]
2398   ********    896 : [0.3333333333333333, 0.6666666666666666]
2398   ********    897 : [1.0, 0.0]
2398   ********    898 : [1.0, 0.0]
2398   ********    899 : [0.3333333333333333, 0.6666666666666666]
2398   ********    900 : [0, 0]
2398   ********    901 : [0.5, 0.5]
2398   ********    902 : [0.5, 0.5]
2398   ********    903 : [0.5, 0.5]
2398   ********    904 : [0, 0]
2398   ********    905 : [1.0, 0.0]
2398   ********    906 : [1.0, 0.0]
2398   ********    907 : [0.7727272727272727, 0.22727272727272727]
2398   ********    908 : [1.0, 0.0]
2398   ********    909 : [1.0, 0.0]
2398   ********    910 : [0, 0]
2398   ********    911 : [0.75, 0.25]
2398   ********    912 : [0.8, 0.2]
2398   ********    913 : [0, 0]
2398   ********    914 : [0.3333333333333333, 0.6666666666666666]
2398   ********    915 : [0, 0]
2398   ********    916 : [1.0, 0.0]
2398   ********    917 : [1.0, 0.0]
2398   ********    918 : [0, 0]
2398   ********    919 : [1.0, 0.0]
2398   ********    920 : [1.0, 0.0]
2398   ********    921 : [1.0, 0.0]
2398   ********    922 : [1.0, 0.0]
2398   ********    923 : [0, 0]
2398   ********    924 : [0.6666666666666666, 0.3333333333333333]
2398   ********    925 : [1.0, 0.0]
2398   ********    926 : [0, 0]
2398   ********    927 : [0.5, 0.5]
2398   ********    928 : [1.0, 0.0]
2398   ********    929 : [1.0, 0.0]
2398   ********    930 : [1.0, 0.0]
2398   ********    931 : [0.8181818181818182, 0.18181818181818182]
2398   ********    932 : [1.0, 0.0]
2398   ********    933 : [0, 0]
2398   ********    934 : [0, 0]
2398   ********    935 : [1.0, 0.0]
2398   ********    936 : [0, 0]
2398   ********    937 : [1.0, 0.0]
2398   ********    938 : [0, 0]
2398   ********    939 : [0.75, 0.25]
2398   ********    940 : [0.5, 0.5]
2398   ********    941 : [1.0, 0.0]
2398   ********    942 : [0.7692307692307693, 0.23076923076923078]
2398   ********    943 : [1.0, 0.0]
2398   ********    944 : [0.6666666666666666, 0.3333333333333333]
2398   ********    945 : [0.9090909090909091, 0.09090909090909091]
2398   ********    946 : [1.0, 0.0]
2398   ********    947 : [1.0, 0.0]
2398   ********    948 : [0, 0]
2398   ********    949 : [0.8333333333333334, 0.16666666666666666]
2398   ********    950 : [0, 0]
2398   ********    951 : [0.6666666666666666, 0.3333333333333333]
2398   ********    952 : [1.0, 0.0]
2398   ********    953 : [0, 0]
2398   ********    954 : [0.0, 1.0]
2398   ********    955 : [1.0, 0.0]
2398   ********    956 : [0.0, 1.0]
2398   ********    957 : [1.0, 0.0]
2398   ********    958 : [0.0, 1.0]
2398   ********    959 : [0, 0]
2398   ********    960 : [0, 0]
2398   ********    961 : [0, 0]
2398   ********    962 : [1.0, 0.0]
2398   ********    963 : [1.0, 0.0]
2398   ********    964 : [0, 0]
2398   ********    965 : [0.0, 1.0]
2398   ********    966 : [1.0, 0.0]
2398   ********    967 : [0, 0]
2398   ********    968 : [0.8333333333333334, 0.16666666666666666]
2398   ********    969 : [0.6666666666666666, 0.3333333333333333]
2398   ********    970 : [0.0, 1.0]
2398   ********    971 : [1.0, 0.0]
2398   ********    972 : [0.8181818181818182, 0.18181818181818182]
2398   ********    973 : [0.7, 0.3]
2398   ********    974 : [1.0, 0.0]
2398   ********    975 : [0, 0]
2398   ********    976 : [0.0, 1.0]
2398   ********    977 : [0.75, 0.25]
2398   ********    978 : [1.0, 0.0]
2398   ********    979 : [1.0, 0.0]
2398   ********    980 : [0, 0]
2398   ********    981 : [0.5, 0.5]
2398   ********    982 : [1.0, 0.0]
2398   ********    983 : [0.7, 0.3]
2398   ********    984 : [0, 0]
2398   ********    985 : [0.0, 1.0]
2398   ********    986 : [0, 0]
2398   ********    987 : [0.5, 0.5]
2398   ********    988 : [0.7, 0.3]
2398   ********    989 : [0, 0]
2398   ********    990 : [0, 0]
2398   ********    991 : [1.0, 0.0]
2398   ********    992 : [1.0, 0.0]
2398   ********    993 : [0, 0]
2398   ********    994 : [0.0, 1.0]
2398   ********    995 : [1.0, 0.0]
2398   ********    996 : [1.0, 0.0]
2398   ********    997 : [0, 0]
2398   ********    998 : [1.0, 0.0]
2398   ********    999 : [0.7647058823529411, 0.23529411764705882]
2398   ********    1000 : [1.0, 0.0]
2398   ********    1001 : [1.0, 0.0]
2398   ********    1002 : [0.5, 0.5]
2398   ********    1003 : [1.0, 0.0]
2398   ********    1004 : [0, 0]
2398   ********    1005 : [1.0, 0.0]
2398   ********    1006 : [0.7857142857142857, 0.21428571428571427]
2398   ********    1007 : [0, 0]
2398   ********    1008 : [1.0, 0.0]
2398   ********    1009 : [0, 0]
2398   ********    1010 : [0.6666666666666666, 0.3333333333333333]
2398   ********    1011 : [0, 0]
2398   ********    1012 : [0, 0]
2398   ********    1013 : [1.0, 0.0]
2398   ********    1014 : [0, 0]
2398   ********    1015 : [1.0, 0.0]
2398   ********    1016 : [1.0, 0.0]
2398   ********    1017 : [0.8333333333333334, 0.16666666666666666]
2398   ********    1018 : [0.75, 0.25]
2398   ********    1019 : [0.0, 1.0]
2398   ********    1020 : [1.0, 0.0]
2398   ********    1021 : [0, 0]
2398   ********    1022 : [1.0, 0.0]
2398   ********    1023 : [0, 0]
2398   ********    1024 : [1.0, 0.0]
2398   ********    1025 : [0.5714285714285714, 0.42857142857142855]
2398   ********    1026 : [1.0, 0.0]
2398   ********    1027 : [0, 0]
2398   ********    1028 : [0.7272727272727273, 0.2727272727272727]
2398   ********    1029 : [1.0, 0.0]
2398   ********    1030 : [0.8333333333333334, 0.16666666666666666]
2398   ********    1031 : [0.5714285714285714, 0.42857142857142855]
2398   ********    1032 : [0, 0]
2398   ********    1033 : [0, 0]
2398   ********    1034 : [0, 0]
2398   ********    1035 : [1.0, 0.0]
2398   ********    1036 : [0, 0]
2398   ********    1037 : [0.4, 0.6]
2398   ********    1038 : [1.0, 0.0]
2398   ********    1039 : [0, 0]
2398   ********    1040 : [0, 0]
2398   ********    1041 : [0.75, 0.25]
2398   ********    1042 : [0, 0]
2398   ********    1043 : [0, 0]
2398   ********    1044 : [0, 0]
2398   ********    1045 : [1.0, 0.0]
2398   ********    1046 : [0, 0]
2398   ********    1047 : [1.0, 0.0]
2398   ********    1048 : [0, 0]
2398   ********    1049 : [1.0, 0.0]
2398   ********    1050 : [0, 0]
2398   ********    1051 : [0, 0]
2398   ********    1052 : [1.0, 0.0]
2398   ********    1053 : [0, 0]
2398   ********    1054 : [0, 0]
2398   ********    1055 : [1.0, 0.0]
2398   ********    1056 : [0.8, 0.2]
2398   ********    1057 : [0.75, 0.25]
2398   ********    1058 : [0, 0]
2398   ********    1059 : [0, 0]
2398   ********    1060 : [0, 0]
2398   ********    1061 : [1.0, 0.0]
2398   ********    1062 : [0.7142857142857143, 0.2857142857142857]
2398   ********    1063 : [0, 0]
2398   ********    1064 : [1.0, 0.0]
2398   ********    1065 : [1.0, 0.0]
2398   ********    1066 : [0, 0]
2398   ********    1067 : [0.7333333333333333, 0.26666666666666666]
2398   ********    1068 : [0, 0]
2398   ********    1069 : [1.0, 0.0]
2398   ********    1070 : [0.6363636363636364, 0.36363636363636365]
2398   ********    1071 : [0.625, 0.375]
2398   ********    1072 : [1.0, 0.0]
2398   ********    1073 : [0.75, 0.25]
2398   ********    1074 : [0.6666666666666666, 0.3333333333333333]
2398   ********    1075 : [0.6666666666666666, 0.3333333333333333]
2398   ********    1076 : [0, 0]
2398   ********    1077 : [0.7, 0.3]
2398   ********    1078 : [0, 0]
2398   ********    1079 : [0.5, 0.5]
2398   ********    1080 : [0, 0]
2398   ********    1081 : [0, 0]
2398   ********    1082 : [0, 0]
2398   ********    1083 : [1.0, 0.0]
2398   ********    1084 : [1.0, 0.0]
2398   ********    1085 : [1.0, 0.0]
2398   ********    1086 : [0.6666666666666666, 0.3333333333333333]
2398   ********    1087 : [0, 0]
2398   ********    1088 : [1.0, 0.0]
2398   ********    1089 : [0, 0]
2398   ********    1090 : [1.0, 0.0]
2398   ********    1091 : [0.7692307692307693, 0.23076923076923078]
2398   ********    1092 : [0.5, 0.5]
2398   ********    1093 : [0, 0]
2398   ********    1094 : [0.5, 0.5]
2398   ********    1095 : [0.5, 0.5]
2398   ********    1096 : [1.0, 0.0]
2398   ********    1097 : [1.0, 0.0]
2398   ********    1098 : [1.0, 0.0]
2398   ********    1099 : [0, 0]
2398   ********    1100 : [1.0, 0.0]
2398   ********    1101 : [0.0, 1.0]
2398   ********    1102 : [0.7, 0.3]
2398   ********    1103 : [0, 0]
2398   ********    1104 : [1.0, 0.0]
2398   ********    1105 : [0, 0]
2398   ********    1106 : [1.0, 0.0]
2398   ********    1107 : [0, 0]
2398   ********    1108 : [0, 0]
2398   ********    1109 : [0.0, 1.0]
2398   ********    1110 : [0, 0]
2398   ********    1111 : [0, 0]
2398   ********    1112 : [0.8, 0.2]
2398   ********    1113 : [0.8333333333333334, 0.16666666666666666]
2398   ********    1114 : [0.0, 1.0]
2398   ********    1115 : [1.0, 0.0]
2398   ********    1116 : [0, 0]
2398   ********    1117 : [0.6666666666666666, 0.3333333333333333]
2398   ********    1118 : [1.0, 0.0]
2398   ********    1119 : [0, 0]
2398   ********    1120 : [1.0, 0.0]
2398   ********    1121 : [0, 0]
2398   ********    1122 : [0.5, 0.5]
2398   ********    1123 : [0, 0]
2398   ********    1124 : [1.0, 0.0]
2398   ********    1125 : [0.6666666666666666, 0.3333333333333333]
2398   ********    1126 : [1.0, 0.0]
2398   ********    1127 : [1.0, 0.0]
2398   ********    1128 : [0, 0]
2398   ********    1129 : [0, 0]
2398   ********    1130 : [0, 0]
2398   ********    1131 : [0, 0]
2398   ********    1132 : [0, 0]
2398   ********    1133 : [0.0, 1.0]
2398   ********    1134 : [0.76, 0.24]
2398   ********    1135 : [0, 0]
2398   ********    1136 : [1.0, 0.0]
2398   ********    1137 : [0, 0]
2398   ********    1138 : [1.0, 0.0]
2398   ********    1139 : [0, 0]
2398   ********    1140 : [1.0, 0.0]
2398   ********    1141 : [1.0, 0.0]
2398   ********    1142 : [1.0, 0.0]
2398   ********    1143 : [0, 0]
2398   ********    1144 : [1.0, 0.0]
2398   ********    1145 : [1.0, 0.0]
2398   ********    1146 : [0, 0]
2398   ********    1147 : [0, 0]
2398   ********    1148 : [0, 0]
2398   ********    1149 : [0, 0]
2398   ********    1150 : [0, 0]
2398   ********    1151 : [1.0, 0.0]
2398   ********    1152 : [0.875, 0.125]
2398   ********    1153 : [0, 0]
2398   ********    1154 : [1.0, 0.0]
2398   ********    1155 : [0.6923076923076923, 0.3076923076923077]
2398   ********    1156 : [0.6666666666666666, 0.3333333333333333]
2398   ********    1157 : [1.0, 0.0]
2398   ********    1158 : [1.0, 0.0]
2398   ********    1159 : [0, 0]
2398   ********    1160 : [1.0, 0.0]
2398   ********    1161 : [0, 0]
2398   ********    1162 : [0, 0]
2398   ********    1163 : [0.5714285714285714, 0.42857142857142855]
2398   ********    1164 : [1.0, 0.0]
2398   ********    1165 : [1.0, 0.0]
2398   ********    1166 : [1.0, 0.0]
2398   ********    1167 : [0, 0]
2398   ********    1168 : [0, 0]
2398   ********    1169 : [0, 0]
2398   ********    1170 : [0.8333333333333334, 0.16666666666666666]
2398   ********    1171 : [0.75, 0.25]
2398   ********    1172 : [0.5, 0.5]
2398   ********    1173 : [1.0, 0.0]
2398   ********    1174 : [0, 0]
2398   ********    1175 : [1.0, 0.0]
2398   ********    1176 : [0.625, 0.375]
2398   ********    1177 : [0, 0]
2398   ********    1178 : [1.0, 0.0]
2398   ********    1179 : [0, 0]
2398   ********    1180 : [0, 0]
2398   ********    1181 : [0, 0]
2398   ********    1182 : [1.0, 0.0]
2398   ********    1183 : [0, 0]
2398   ********    1184 : [1.0, 0.0]
2398   ********    1185 : [0, 0]
2398   ********    1186 : [1.0, 0.0]
2398   ********    1187 : [1.0, 0.0]
2398   ********    1188 : [0.5, 0.5]
2398   ********    1189 : [0, 0]
2398   ********    1190 : [1.0, 0.0]
2398   ********    1191 : [0, 0]
2398   ********    1192 : [0, 0]
2398   ********    1193 : [0, 0]
2398   ********    1194 : [1.0, 0.0]
2398   ********    1195 : [0, 0]
2398   ********    1196 : [1.0, 0.0]
2398   ********    1197 : [0, 0]
2398   ********    1198 : [0.7894736842105263, 0.21052631578947367]
2398   ********    1199 : [1.0, 0.0]
2398   ********    1200 : [1.0, 0.0]
2398   ********    1201 : [0.5, 0.5]
2398   ********    1202 : [0.6666666666666666, 0.3333333333333333]
2398   ********    1203 : [0, 0]
2398   ********    1204 : [1.0, 0.0]
2398   ********    1205 : [0.75, 0.25]
2398   ********    1206 : [1.0, 0.0]
2398   ********    1207 : [1.0, 0.0]
2398   ********    1208 : [0.0, 1.0]
2398   ********    1209 : [1.0, 0.0]
2398   ********    1210 : [1.0, 0.0]
2398   ********    1211 : [0, 0]
2398   ********    1212 : [0.7333333333333333, 0.26666666666666666]
2398   ********    1213 : [1.0, 0.0]
2398   ********    1214 : [1.0, 0.0]
2398   ********    1215 : [0, 0]
2398   ********    1216 : [0.625, 0.375]
2398   ********    1217 : [1.0, 0.0]
2398   ********    1218 : [0.3333333333333333, 0.6666666666666666]
2398   ********    1219 : [1.0, 0.0]
2398   ********    1220 : [0.0, 1.0]
2398   ********    1221 : [1.0, 0.0]
2398   ********    1222 : [1.0, 0.0]
2398   ********    1223 : [0.5, 0.5]
2398   ********    1224 : [0.3333333333333333, 0.6666666666666666]
2398   ********    1225 : [0.75, 0.25]
2398   ********    1226 : [0.8, 0.2]
2398   ********    1227 : [0.0, 1.0]
2398   ********    1228 : [0, 0]
2398   ********    1229 : [1.0, 0.0]
2398   ********    1230 : [1.0, 0.0]
2398   ********    1231 : [0, 0]
2398   ********    1232 : [0.75, 0.25]
2398   ********    1233 : [0, 0]
2398   ********    1234 : [1.0, 0.0]
2398   ********    1235 : [0.6, 0.4]
2398   ********    1236 : [1.0, 0.0]
2398   ********    1237 : [0.8, 0.2]
2398   ********    1238 : [0.6666666666666666, 0.3333333333333333]
2398   ********    1239 : [1.0, 0.0]
2398   ********    1240 : [1.0, 0.0]
2398   ********    1241 : [0.8333333333333334, 0.16666666666666666]
2398   ********    1242 : [0, 0]
2398   ********    1243 : [0, 0]
2398   ********    1244 : [1.0, 0.0]
2398   ********    1245 : [1.0, 0.0]
2398   ********    1246 : [0, 0]
2398   ********    1247 : [0.6666666666666666, 0.3333333333333333]
2398   ********    1248 : [0, 0]
2398   ********    1249 : [1.0, 0.0]
2398   ********    1250 : [0, 0]
2398   ********    1251 : [0.6, 0.4]
2398   ********    1252 : [0.7692307692307693, 0.23076923076923078]
2398   ********    1253 : [0, 0]
2398   ********    1254 : [0, 0]
2398   ********    1255 : [0.6666666666666666, 0.3333333333333333]
2398   ********    1256 : [0, 0]
2398   ********    1257 : [0, 0]
2398   ********    1258 : [1.0, 0.0]
2398   ********    1259 : [0.75, 0.25]
2398   ********    1260 : [0.8888888888888888, 0.1111111111111111]
2398   ********    1261 : [0.8, 0.2]
2398   ********    1262 : [0, 0]
2398   ********    1263 : [1.0, 0.0]
2398   ********    1264 : [0, 0]
2398   ********    1265 : [1.0, 0.0]
2398   ********    1266 : [0.0, 1.0]
2398   ********    1267 : [0, 0]
2398   ********    1268 : [0.6, 0.4]
2398   ********    1269 : [1.0, 0.0]
2398   ********    1270 : [0.8461538461538461, 0.15384615384615385]
2398   ********    1271 : [1.0, 0.0]
2398   ********    1272 : [0, 0]
2398   ********    1273 : [0, 0]
2398   ********    1274 : [0, 0]
2398   ********    1275 : [0.6666666666666666, 0.3333333333333333]
2398   ********    1276 : [0, 0]
2398   ********    1277 : [1.0, 0.0]
2398   ********    1278 : [0.5, 0.5]
2398   ********    1279 : [0, 0]
2398   ********    1280 : [1.0, 0.0]
2398   ********    1281 : [0, 0]
2398   ********    1282 : [0, 0]
2398   ********    1283 : [0, 0]
2398   ********    1284 : [1.0, 0.0]
2398   ********    1285 : [1.0, 0.0]
2398   ********    1286 : [0.7142857142857143, 0.2857142857142857]
2398   ********    1287 : [0, 0]
2398   ********    1288 : [0, 0]
2398   ********    1289 : [1.0, 0.0]
2398   ********    1290 : [1.0, 0.0]
2398   ********    1291 : [0, 0]
2398   ********    1292 : [0, 0]
2398   ********    1293 : [0.0, 1.0]
2398   ********    1294 : [0.0, 1.0]
2398   ********    1295 : [1.0, 0.0]
2398   ********    1296 : [0, 0]
2398   ********    1297 : [0, 0]
2398   ********    1298 : [0, 0]
2398   ********    1299 : [0.8235294117647058, 0.17647058823529413]
2398   ********    1300 : [0, 0]
2398   ********    1301 : [0.8461538461538461, 0.15384615384615385]
2398   ********    1302 : [0, 0]
2398   ********    1303 : [0, 0]
2398   ********    1304 : [0, 0]
2398   ********    1305 : [0, 0]
2398   ********    1306 : [0, 0]
2398   ********    1307 : [0, 0]
2398   ********    1308 : [0, 0]
2398   ********    1309 : [1.0, 0.0]
2398   ********    1310 : [0.5, 0.5]
2398   ********    1311 : [0, 0]
2398   ********    1312 : [1.0, 0.0]
2398   ********    1313 : [1.0, 0.0]
2398   ********    1314 : [1.0, 0.0]
2398   ********    1315 : [1.0, 0.0]
2398   ********    1316 : [1.0, 0.0]
2398   ********    1317 : [0, 0]
2398   ********    1318 : [1.0, 0.0]
2398   ********    1319 : [0.8333333333333334, 0.16666666666666666]
2398   ********    1320 : [0.0, 1.0]
2398   ********    1321 : [0, 0]
2398   ********    1322 : [0.0, 1.0]
2398   ********    1323 : [0.75, 0.25]
2398   ********    1324 : [0.8333333333333334, 0.16666666666666666]
2398   ********    1325 : [1.0, 0.0]
2398   ********    1326 : [1.0, 0.0]
2398   ********    1327 : [1.0, 0.0]
2398   ********    1328 : [1.0, 0.0]
2398   ********    1329 : [0.8, 0.2]
2398   ********    1330 : [0.0, 1.0]
2398   ********    1331 : [1.0, 0.0]
2398   ********    1332 : [0, 0]
2398   ********    1333 : [1.0, 0.0]
2398   ********    1334 : [0, 0]
2398   ********    1335 : [0, 0]
2398   ********    1336 : [1.0, 0.0]
2398   ********    1337 : [0.8333333333333334, 0.16666666666666666]
2398   ********    1338 : [1.0, 0.0]
2398   ********    1339 : [0.5, 0.5]
2398   ********    1340 : [0.8461538461538461, 0.15384615384615385]
2398   ********    1341 : [0.6666666666666666, 0.3333333333333333]
2398   ********    1342 : [1.0, 0.0]
2398   ********    1343 : [0, 0]
2398   ********    1344 : [0, 0]
2398   ********    1345 : [0, 0]
2398   ********    1346 : [0.3333333333333333, 0.6666666666666666]
2398   ********    1347 : [1.0, 0.0]
2398   ********    1348 : [0.75, 0.25]
2398   ********    1349 : [1.0, 0.0]
2398   ********    1350 : [1.0, 0.0]
2398   ********    1351 : [0.0, 1.0]
2398   ********    1352 : [1.0, 0.0]
2398   ********    1353 : [0, 0]
2398   ********    1354 : [0, 0]
2398   ********    1355 : [0, 0]
2398   ********    1356 : [1.0, 0.0]
2398   ********    1357 : [1.0, 0.0]
2398   ********    1358 : [1.0, 0.0]
2398   ********    1359 : [0, 0]
2398   ********    1360 : [0.4, 0.6]
2398   ********    1361 : [0.875, 0.125]
2398   ********    1362 : [0, 0]
2398   ********    1363 : [0.6, 0.4]
2398   ********    1364 : [1.0, 0.0]
2398   ********    1365 : [0.75, 0.25]
2398   ********    1366 : [0, 0]
2398   ********    1367 : [0, 0]
2398   ********    1368 : [0.8888888888888888, 0.1111111111111111]
2398   ********    1369 : [0, 0]
2398   ********    1370 : [0.8, 0.2]
2398   ********    1371 : [1.0, 0.0]
2398   ********    1372 : [1.0, 0.0]
2398   ********    1373 : [0.8571428571428571, 0.14285714285714285]
2398   ********    1374 : [1.0, 0.0]
2398   ********    1375 : [1.0, 0.0]
2398   ********    1376 : [0, 0]
2398   ********    1377 : [0, 0]
2398   ********    1378 : [0, 0]
2398   ********    1379 : [0, 0]
2398   ********    1380 : [0.5, 0.5]
2398   ********    1381 : [0, 0]
2398   ********    1382 : [0.75, 0.25]
2398   ********    1383 : [0, 0]
2398   ********    1384 : [1.0, 0.0]
2398   ********    1385 : [1.0, 0.0]
2398   ********    1386 : [0.5833333333333334, 0.4166666666666667]
2398   ********    1387 : [0, 0]
2398   ********    1388 : [0, 0]
2398   ********    1389 : [0.8, 0.2]
2398   ********    1390 : [0.6, 0.4]
2398   ********    1391 : [0.8888888888888888, 0.1111111111111111]
2398   ********    1392 : [0, 0]
2398   ********    1393 : [0.0, 1.0]
2398   ********    1394 : [0, 0]
2398   ********    1395 : [0, 0]
2398   ********    1396 : [0, 0]
2398   ********    1397 : [0.6666666666666666, 0.3333333333333333]
2398   ********    1398 : [0.6666666666666666, 0.3333333333333333]
2398   ********    1399 : [0, 0]
2398   ********    1400 : [1.0, 0.0]
2398   ********    1401 : [0.9, 0.1]
2398   ********    1402 : [0, 0]
2398   ********    1403 : [1.0, 0.0]
2398   ********    1404 : [1.0, 0.0]
2398   ********    1405 : [1.0, 0.0]
2398   ********    1406 : [0.8333333333333334, 0.16666666666666666]
2398   ********    1407 : [1.0, 0.0]
2398   ********    1408 : [0, 0]
2398   ********    1409 : [1.0, 0.0]
2398   ********    1410 : [0.6666666666666666, 0.3333333333333333]
2398   ********    1411 : [0.6666666666666666, 0.3333333333333333]
2398   ********    1412 : [0.8, 0.2]
2398   ********    1413 : [0, 0]
2398   ********    1414 : [1.0, 0.0]
2398   ********    1415 : [0, 0]
2398   ********    1416 : [1.0, 0.0]
2398   ********    1417 : [1.0, 0.0]
2398   ********    1418 : [0, 0]
2398   ********    1419 : [0.725, 0.275]
2398   ********    1420 : [0, 0]
2398   ********    1421 : [0, 0]
2398   ********    1422 : [1.0, 0.0]
2398   ********    1423 : [1.0, 0.0]
2398   ********    1424 : [0.75, 0.25]
2398   ********    1425 : [0, 0]
2398   ********    1426 : [1.0, 0.0]
2398   ********    1427 : [1.0, 0.0]
2398   ********    1428 : [0.8571428571428571, 0.14285714285714285]
2398   ********    1429 : [1.0, 0.0]
2398   ********    1430 : [1.0, 0.0]
2398   ********    1431 : [1.0, 0.0]
2398   ********    1432 : [0, 0]
2398   ********    1433 : [0, 0]
2398   ********    1434 : [1.0, 0.0]
2398   ********    1435 : [0, 0]
2398   ********    1436 : [1.0, 0.0]
2398   ********    1437 : [1.0, 0.0]
2398   ********    1438 : [1.0, 0.0]
2398   ********    1439 : [0, 0]
2398   ********    1440 : [0.5, 0.5]
2398   ********    1441 : [0, 0]
2398   ********    1442 : [1.0, 0.0]
2398   ********    1443 : [1.0, 0.0]
2398   ********    1444 : [0.0, 1.0]
2398   ********    1445 : [0, 0]
2398   ********    1446 : [0, 0]
2398   ********    1447 : [0, 0]
2398   ********    1448 : [0, 0]
2398   ********    1449 : [1.0, 0.0]
2398   ********    1450 : [0, 0]
2398   ********    1451 : [0, 0]
2398   ********    1452 : [1.0, 0.0]
2398   ********    1453 : [0, 0]
2398   ********    1454 : [0.875, 0.125]
2398   ********    1455 : [1.0, 0.0]
2398   ********    1456 : [0.7777777777777778, 0.2222222222222222]
2398   ********    1457 : [0, 0]
2398   ********    1458 : [0, 0]
2398   ********    1459 : [0, 0]
2398   ********    1460 : [1.0, 0.0]
2398   ********    1461 : [1.0, 0.0]
2398   ********    1462 : [1.0, 0.0]
2398   ********    1463 : [0, 0]
2398   ********    1464 : [1.0, 0.0]
2398   ********    1465 : [1.0, 0.0]
2398   ********    1466 : [0.0, 1.0]
2398   ********    1467 : [0.0, 1.0]
2398   ********    1468 : [0, 0]
2398   ********    1469 : [0.6666666666666666, 0.3333333333333333]
2398   ********    1470 : [0, 0]
2398   ********    1471 : [0.5, 0.5]
2398   ********    1472 : [1.0, 0.0]
2398   ********    1473 : [1.0, 0.0]
2398   ********    1474 : [1.0, 0.0]
2398   ********    1475 : [1.0, 0.0]
2398   ********    1476 : [0.5384615384615384, 0.46153846153846156]
2398   ********    1477 : [1.0, 0.0]
2398   ********    1478 : [0.5714285714285714, 0.42857142857142855]
2398   ********    1479 : [0, 0]
2398   ********    1480 : [1.0, 0.0]
2398   ********    1481 : [1.0, 0.0]
2398   ********    1482 : [1.0, 0.0]
2398   ********    1483 : [0, 0]
2398   ********    1484 : [1.0, 0.0]
2398   ********    1485 : [0.5, 0.5]
2398   ********    1486 : [0, 0]
2398   ********    1487 : [0.75, 0.25]
2398   ********    1488 : [1.0, 0.0]
2398   ********    1489 : [1.0, 0.0]
2398   ********    1490 : [0, 0]
2398   ********    1491 : [0.5, 0.5]
2398   ********    1492 : [1.0, 0.0]
2398   ********    1493 : [1.0, 0.0]
2398   ********    1494 : [1.0, 0.0]
2398   ********    1495 : [1.0, 0.0]
2398   ********    1496 : [1.0, 0.0]
2398   ********    1497 : [0, 0]
2398   ********    1498 : [1.0, 0.0]
2398   ********    1499 : [0, 0]
2398   ********    1500 : [0.6666666666666666, 0.3333333333333333]
2398   ********    1501 : [0, 0]
2398   ********    1502 : [0.6666666666666666, 0.3333333333333333]
2398   ********    1503 : [0.5555555555555556, 0.4444444444444444]
2398   ********    1504 : [0.3333333333333333, 0.6666666666666666]
2398   ********    1505 : [0, 0]
2398   ********    1506 : [0.8333333333333334, 0.16666666666666666]
2398   ********    1507 : [0.8, 0.2]
2398   ********    1508 : [0.5833333333333334, 0.4166666666666667]
2398   ********    1509 : [0.42857142857142855, 0.5714285714285714]
2398   ********    1510 : [1.0, 0.0]
2398   ********    1511 : [0, 0]
2398   ********    1512 : [0, 0]
2398   ********    1513 : [0.6428571428571429, 0.35714285714285715]
2398   ********    1514 : [0, 0]
2398   ********    1515 : [0, 0]
2398   ********    1516 : [0, 0]
2398   ********    1517 : [0, 0]
2398   ********    1518 : [0.75, 0.25]
2398   ********    1519 : [0, 0]
2398   ********    1520 : [1.0, 0.0]
2398   ********    1521 : [0, 0]
2398   ********    1522 : [0, 0]
2398   ********    1523 : [0, 0]
2398   ********    1524 : [1.0, 0.0]
2398   ********    1525 : [0.5, 0.5]
2398   ********    1526 : [1.0, 0.0]
2398   ********    1527 : [0, 0]
2398   ********    1528 : [0, 0]
2398   ********    1529 : [1.0, 0.0]
2398   ********    1530 : [0, 0]
2398   ********    1531 : [0, 0]
2398   ********    1532 : [0.6666666666666666, 0.3333333333333333]
2398   ********    1533 : [0, 0]
2398   ********    1534 : [0, 0]
2398   ********    1535 : [0, 0]
2398   ********    1536 : [1.0, 0.0]
2398   ********    1537 : [0, 0]
2398   ********    1538 : [0.5, 0.5]
2398   ********    1539 : [0.0, 1.0]
2398   ********    1540 : [0, 0]
2398   ********    1541 : [0.9, 0.1]
2398   ********    1542 : [0, 0]
2398   ********    1543 : [0.0, 1.0]
2398   ********    1544 : [0, 0]
2398   ********    1545 : [1.0, 0.0]
2398   ********    1546 : [0, 0]
2398   ********    1547 : [1.0, 0.0]
2398   ********    1548 : [1.0, 0.0]
2398   ********    1549 : [1.0, 0.0]
2398   ********    1550 : [1.0, 0.0]
2398   ********    1551 : [0.5, 0.5]
2398   ********    1552 : [0.6666666666666666, 0.3333333333333333]
2398   ********    1553 : [0.5, 0.5]
2398   ********    1554 : [0, 0]
2398   ********    1555 : [0, 0]
2398   ********    1556 : [1.0, 0.0]
2398   ********    1557 : [1.0, 0.0]
2398   ********    1558 : [0.3333333333333333, 0.6666666666666666]
2398   ********    1559 : [0, 0]
2398   ********    1560 : [1.0, 0.0]
2398   ********    1561 : [0.6666666666666666, 0.3333333333333333]
2398   ********    1562 : [0, 0]
2398   ********    1563 : [0, 0]
2398   ********    1564 : [1.0, 0.0]
2398   ********    1565 : [1.0, 0.0]
2398   ********    1566 : [0.5, 0.5]
2398   ********    1567 : [0, 0]
2398   ********    1568 : [0, 0]
2398   ********    1569 : [0, 0]
2398   ********    1570 : [0.6666666666666666, 0.3333333333333333]
2398   ********    1571 : [1.0, 0.0]
2398   ********    1572 : [1.0, 0.0]
2398   ********    1573 : [0, 0]
2398   ********    1574 : [0.0, 1.0]
2398   ********    1575 : [0, 0]
2398   ********    1576 : [0.6666666666666666, 0.3333333333333333]
2398   ********    1577 : [1.0, 0.0]
2398   ********    1578 : [0.5, 0.5]
2398   ********    1579 : [0.8333333333333334, 0.16666666666666666]
2398   ********    1580 : [0, 0]
2398   ********    1581 : [0.5, 0.5]
2398   ********    1582 : [0, 0]
2398   ********    1583 : [0, 0]
2398   ********    1584 : [1.0, 0.0]
2398   ********    1585 : [0, 0]
2398   ********    1586 : [0, 0]
2398   ********    1587 : [0.75, 0.25]
2398   ********    1588 : [1.0, 0.0]
2398   ********    1589 : [0, 0]
2398   ********    1590 : [1.0, 0.0]
2398   ********    1591 : [0.6666666666666666, 0.3333333333333333]
2398   ********    1592 : [0.8, 0.2]
2398   ********    1593 : [1.0, 0.0]
2398   ********    1594 : [1.0, 0.0]
2398   ********    1595 : [0.5, 0.5]
2398   ********    1596 : [0.75, 0.25]
2398   ********    1597 : [1.0, 0.0]
2398   ********    1598 : [0, 0]
2398   ********    1599 : [0, 0]
2398   ********    1600 : [0.7142857142857143, 0.2857142857142857]
2398   ********    1601 : [1.0, 0.0]
2398   ********    1602 : [0, 0]
2398   ********    1603 : [0, 0]
2398   ********    1604 : [1.0, 0.0]
2398   ********    1605 : [0, 0]
2398   ********    1606 : [0.6666666666666666, 0.3333333333333333]
2398   ********    1607 : [1.0, 0.0]
2398   ********    1608 : [0.8, 0.2]
2398   ********    1609 : [1.0, 0.0]
2398   ********    1610 : [1.0, 0.0]
2398   ********    1611 : [0.8, 0.2]
2398   ********    1612 : [0, 0]
2398   ********    1613 : [0, 0]
2398   ********    1614 : [1.0, 0.0]
2398   ********    1615 : [1.0, 0.0]
2398   ********    1616 : [0, 0]
2398   ********    1617 : [0.8, 0.2]
2398   ********    1618 : [0, 0]
2398   ********    1619 : [0, 0]
2398   ********    1620 : [0, 0]
2398   ********    1621 : [0, 0]
2398   ********    1622 : [1.0, 0.0]
2398   ********    1623 : [0, 0]
2398   ********    1624 : [0.75, 0.25]
2398   ********    1625 : [0.5, 0.5]
2398   ********    1626 : [1.0, 0.0]
2398   ********    1627 : [0.5, 0.5]
2398   ********    1628 : [1.0, 0.0]
2398   ********    1629 : [1.0, 0.0]
2398   ********    1630 : [1.0, 0.0]
2398   ********    1631 : [1.0, 0.0]
2398   ********    1632 : [1.0, 0.0]
2398   ********    1633 : [1.0, 0.0]
2398   ********    1634 : [0, 0]
2398   ********    1635 : [0, 0]
2398   ********    1636 : [0.8333333333333334, 0.16666666666666666]
2398   ********    1637 : [0, 0]
2398   ********    1638 : [0, 0]
2398   ********    1639 : [0.8, 0.2]
2398   ********    1640 : [0.7777777777777778, 0.2222222222222222]
2398   ********    1641 : [0, 0]
2398   ********    1642 : [0.8571428571428571, 0.14285714285714285]
2398   ********    1643 : [0, 0]
2398   ********    1644 : [0, 0]
2398   ********    1645 : [1.0, 0.0]
2398   ********    1646 : [0.9090909090909091, 0.09090909090909091]
2398   ********    1647 : [1.0, 0.0]
2398   ********    1648 : [0.8333333333333334, 0.16666666666666666]
2398   ********    1649 : [1.0, 0.0]
2398   ********    1650 : [0.75, 0.25]
2398   ********    1651 : [0.0, 1.0]
2398   ********    1652 : [1.0, 0.0]
2398   ********    1653 : [0.5, 0.5]
2398   ********    1654 : [0.6666666666666666, 0.3333333333333333]
2398   ********    1655 : [0, 0]
2398   ********    1656 : [0.5, 0.5]
2398   ********    1657 : [0.6666666666666666, 0.3333333333333333]
2398   ********    1658 : [1.0, 0.0]
2398   ********    1659 : [0, 0]
2398   ********    1660 : [0.75, 0.25]
2398   ********    1661 : [0, 0]
2398   ********    1662 : [0, 0]
2398   ********    1663 : [1.0, 0.0]
2398   ********    1664 : [1.0, 0.0]
2398   ********    1665 : [0, 0]
2398   ********    1666 : [0, 0]
2398   ********    1667 : [0, 0]
2398   ********    1668 : [0, 0]
2398   ********    1669 : [0.8, 0.2]
2398   ********    1670 : [0, 0]
2398   ********    1671 : [0.6666666666666666, 0.3333333333333333]
2398   ********    1672 : [0, 0]
2398   ********    1673 : [0, 0]
2398   ********    1674 : [1.0, 0.0]
2398   ********    1675 : [0.8, 0.2]
2398   ********    1676 : [0.8571428571428571, 0.14285714285714285]
2398   ********    1677 : [1.0, 0.0]
2398   ********    1678 : [0, 0]
2398   ********    1679 : [0, 0]
2398   ********    1680 : [0.5, 0.5]
2398   ********    1681 : [0, 0]
2398   ********    1682 : [0, 0]
2398   ********    1683 : [0, 0]
2398   ********    1684 : [0.6, 0.4]
2398   ********    1685 : [0, 0]
2398   ********    1686 : [0.75, 0.25]
2398   ********    1687 : [0, 0]
2398   ********    1688 : [1.0, 0.0]
2398   ********    1689 : [1.0, 0.0]
2398   ********    1690 : [0.8, 0.2]
2398   ********    1691 : [1.0, 0.0]
2398   ********    1692 : [0.7692307692307693, 0.23076923076923078]
2398   ********    1693 : [1.0, 0.0]
2398   ********    1694 : [0, 0]
2398   ********    1695 : [0, 0]
2398   ********    1696 : [1.0, 0.0]
2398   ********    1697 : [0, 0]
2398   ********    1698 : [0, 0]
2398   ********    1699 : [1.0, 0.0]
2398   ********    1700 : [0, 0]
2398   ********    1701 : [0, 0]
2398   ********    1702 : [0, 0]
2398   ********    1703 : [1.0, 0.0]
2398   ********    1704 : [0, 0]
2398   ********    1705 : [1.0, 0.0]
2398   ********    1706 : [0.75, 0.25]
2398   ********    1707 : [0, 0]
2398   ********    1708 : [0, 0]
2398   ********    1709 : [0, 0]
2398   ********    1710 : [0, 0]
2398   ********    1711 : [0, 0]
2398   ********    1712 : [0, 0]
2398   ********    1713 : [1.0, 0.0]
2398   ********    1714 : [1.0, 0.0]
2398   ********    1715 : [1.0, 0.0]
2398   ********    1716 : [1.0, 0.0]
2398   ********    1717 : [0, 0]
2398   ********    1718 : [1.0, 0.0]
2398   ********    1719 : [0.8, 0.2]
2398   ********    1720 : [0, 0]
2398   ********    1721 : [1.0, 0.0]
2398   ********    1722 : [0, 0]
2398   ********    1723 : [0.5, 0.5]
2398   ********    1724 : [0, 0]
2398   ********    1725 : [0.0, 1.0]
2398   ********    1726 : [0.0, 1.0]
2398   ********    1727 : [0, 0]
2398   ********    1728 : [1.0, 0.0]
2398   ********    1729 : [0.5, 0.5]
2398   ********    1730 : [0, 0]
2398   ********    1731 : [0.0, 1.0]
2398   ********    1732 : [0.4, 0.6]
2398   ********    1733 : [0.5, 0.5]
2398   ********    1734 : [0.6666666666666666, 0.3333333333333333]
2398   ********    1735 : [0, 0]
2398   ********    1736 : [1.0, 0.0]
2398   ********    1737 : [0, 0]
2398   ********    1738 : [0, 0]
2398   ********    1739 : [0, 0]
2398   ********    1740 : [0, 0]
2398   ********    1741 : [1.0, 0.0]
2398   ********    1742 : [1.0, 0.0]
2398   ********    1743 : [1.0, 0.0]
2398   ********    1744 : [0, 0]
2398   ********    1745 : [0, 0]
2398   ********    1746 : [1.0, 0.0]
2398   ********    1747 : [0, 0]
2398   ********    1748 : [0, 0]
2398   ********    1749 : [1.0, 0.0]
2398   ********    1750 : [0, 0]
2398   ********    1751 : [0, 0]
2398   ********    1752 : [0, 0]
2398   ********    1753 : [0, 0]
2398   ********    1754 : [0, 0]
2398   ********    1755 : [0, 0]
2398   ********    1756 : [1.0, 0.0]
2398   ********    1757 : [1.0, 0.0]
2398   ********    1758 : [0, 0]
2398   ********    1759 : [0.6666666666666666, 0.3333333333333333]
2398   ********    1760 : [1.0, 0.0]
2398   ********    1761 : [0.7777777777777778, 0.2222222222222222]
2398   ********    1762 : [0, 0]
2398   ********    1763 : [1.0, 0.0]
2398   ********    1764 : [0, 0]
2398   ********    1765 : [1.0, 0.0]
2398   ********    1766 : [0, 0]
2398   ********    1767 : [0.0, 1.0]
2398   ********    1768 : [0, 0]
2398   ********    1769 : [0, 0]
2398   ********    1770 : [0.8823529411764706, 0.11764705882352941]
2398   ********    1771 : [1.0, 0.0]
2398   ********    1772 : [0.5, 0.5]
2398   ********    1773 : [1.0, 0.0]
2398   ********    1774 : [1.0, 0.0]
2398   ********    1775 : [0, 0]
2398   ********    1776 : [0, 0]
2398   ********    1777 : [0.5, 0.5]
2398   ********    1778 : [1.0, 0.0]
2398   ********    1779 : [1.0, 0.0]
2398   ********    1780 : [0, 0]
2398   ********    1781 : [0, 0]
2398   ********    1782 : [1.0, 0.0]
2398   ********    1783 : [0, 0]
2398   ********    1784 : [0, 0]
2398   ********    1785 : [0, 0]
2398   ********    1786 : [0, 0]
2398   ********    1787 : [0, 0]
2398   ********    1788 : [0.0, 1.0]
2398   ********    1789 : [0, 0]
2398   ********    1790 : [0, 0]
2398   ********    1791 : [0, 0]
2398   ********    1792 : [0, 0]
2398   ********    1793 : [0, 0]
2398   ********    1794 : [0, 0]
2398   ********    1795 : [0, 0]
2398   ********    1796 : [1.0, 0.0]
2398   ********    1797 : [1.0, 0.0]
2398   ********    1798 : [0.0, 1.0]
2398   ********    1799 : [0, 0]
2398   ********    1800 : [0.6666666666666666, 0.3333333333333333]
2398   ********    1801 : [0.6875, 0.3125]
2398   ********    1802 : [0.6875, 0.3125]
2398   ********    1803 : [1.0, 0.0]
2398   ********    1804 : [0, 0]
2398   ********    1805 : [1.0, 0.0]
2398   ********    1806 : [0, 0]
2398   ********    1807 : [0, 0]
2398   ********    1808 : [0, 0]
2398   ********    1809 : [0.75, 0.25]
2398   ********    1810 : [0.0, 1.0]
2398   ********    1811 : [0.75, 0.25]
2398   ********    1812 : [0.0, 1.0]
2398   ********    1813 : [0, 0]
2398   ********    1814 : [0, 0]
2398   ********    1815 : [0, 0]
2398   ********    1816 : [0.6666666666666666, 0.3333333333333333]
2398   ********    1817 : [0, 0]
2398   ********    1818 : [0, 0]
2398   ********    1819 : [0.6666666666666666, 0.3333333333333333]
2398   ********    1820 : [0, 0]
2398   ********    1821 : [0, 0]
2398   ********    1822 : [0, 0]
2398   ********    1823 : [0, 0]
2398   ********    1824 : [0, 0]
2398   ********    1825 : [0, 0]
2398   ********    1826 : [0.8333333333333334, 0.16666666666666666]
2398   ********    1827 : [0, 0]
2398   ********    1828 : [0.8333333333333334, 0.16666666666666666]
2398   ********    1829 : [0.8571428571428571, 0.14285714285714285]
2398   ********    1830 : [0.8571428571428571, 0.14285714285714285]
2398   ********    1831 : [0, 0]
2398   ********    1832 : [0, 0]
2398   ********    1833 : [0.8, 0.2]
2398   ********    1834 : [0.8, 0.2]
2398   ********    1835 : [0.9285714285714286, 0.07142857142857142]
2398   ********    1836 : [1.0, 0.0]
2398   ********    1837 : [0.9285714285714286, 0.07142857142857142]
2398   ********    1838 : [1.0, 0.0]
2398   ********    1839 : [0, 0]
2398   ********    1840 : [0, 0]
2398   ********    1841 : [0, 0]
2398   ********    1842 : [0, 0]
2398   ********    1843 : [0.8888888888888888, 0.1111111111111111]
2398   ********    1844 : [0, 0]
2398   ********    1845 : [0, 0]
2398   ********    1846 : [0.8888888888888888, 0.1111111111111111]
2398   ********    1847 : [0, 0]
2398   ********    1848 : [0, 0]
2398   ********    1849 : [0.3333333333333333, 0.6666666666666666]
2398   ********    1850 : [0, 0]
2398   ********    1851 : [0.3333333333333333, 0.6666666666666666]
2398   ********    1852 : [0, 0]
2398   ********    1853 : [0, 0]
2398   ********    1854 : [0, 0]
2398   ********    1855 : [0, 0]
2398   ********    1856 : [0, 0]
2398   ********    1857 : [0.0, 1.0]
2398   ********    1858 : [0.0, 1.0]
2398   ********    1859 : [1.0, 0.0]
2398   ********    1860 : [0, 0]
2398   ********    1861 : [0, 0]
2398   ********    1862 : [1.0, 0.0]
2398   ********    1863 : [0, 0]
2398   ********    1864 : [0, 0]
2398   ********    1865 : [0.7666666666666667, 0.23333333333333334]
2398   ********    1866 : [0.7666666666666667, 0.23333333333333334]
2398   ********    1867 : [1.0, 0.0]
2398   ********    1868 : [0.8333333333333334, 0.16666666666666666]
2398   ********    1869 : [1.0, 0.0]
2398   ********    1870 : [0.8333333333333334, 0.16666666666666666]
2398   ********    1871 : [0.8888888888888888, 0.1111111111111111]
2398   ********    1872 : [1.0, 0.0]
2398   ********    1873 : [1.0, 0.0]
2398   ********    1874 : [0.8888888888888888, 0.1111111111111111]
2398   ********    1875 : [1.0, 0.0]
2398   ********    1876 : [1.0, 0.0]
2398   ********    1877 : [0.0, 1.0]
2398   ********    1878 : [1.0, 0.0]
2398   ********    1879 : [0.0, 1.0]
2398   ********    1880 : [1.0, 0.0]
2398   ********    1881 : [0.7307692307692307, 0.2692307692307692]
2398   ********    1882 : [0, 0]
2398   ********    1883 : [0.7307692307692307, 0.2692307692307692]
2398   ********    1884 : [0, 0]
2398   ********    1885 : [1.0, 0.0]
2398   ********    1886 : [1.0, 0.0]
2398   ********    1887 : [0, 0]
2398   ********    1888 : [1.0, 0.0]
2398   ********    1889 : [1.0, 0.0]
2398   ********    1890 : [0, 0]
2398   ********    1891 : [0.5, 0.5]
2398   ********    1892 : [1.0, 0.0]
2398   ********    1893 : [0.5, 0.5]
2398   ********    1894 : [1.0, 0.0]
2398   ********    1895 : [0, 0]
2398   ********    1896 : [0.6666666666666666, 0.3333333333333333]
2398   ********    1897 : [0, 0]
2398   ********    1898 : [0.6666666666666666, 0.3333333333333333]
2398   ********    1899 : [1.0, 0.0]
2398   ********    1900 : [0.0, 1.0]
2398   ********    1901 : [0, 0]
2398   ********    1902 : [0, 0]
2398   ********    1903 : [1.0, 0.0]
2398   ********    1904 : [0.0, 1.0]
2398   ********    1905 : [0, 0]
2398   ********    1906 : [0, 0]
2398   ********    1907 : [1.0, 0.0]
2398   ********    1908 : [1.0, 0.0]
2398   ********    1909 : [0, 0]
2398   ********    1910 : [1.0, 0.0]
2398   ********    1911 : [0, 0]
2398   ********    1912 : [1.0, 0.0]
2398   ********    1913 : [1.0, 0.0]
2398   ********    1914 : [1.0, 0.0]
2398   ********    1915 : [0, 0]
2398   ********    1916 : [1.0, 0.0]
2398   ********    1917 : [1.0, 0.0]
2398   ********    1918 : [0, 0]
2398   ********    1919 : [0, 0]
2398   ********    1920 : [0, 0]
2398   ********    1921 : [1.0, 0.0]
2398   ********    1922 : [1.0, 0.0]
2398   ********    1923 : [0, 0]
2398   ********    1924 : [0, 0]
2398   ********    1925 : [0, 0]
2398   ********    1926 : [0, 0]
2398   ********    1927 : [0, 0]
2398   ********    1928 : [1.0, 0.0]
2398   ********    1929 : [0, 0]
2398   ********    1930 : [1.0, 0.0]
2398   ********    1931 : [0, 0]
2398   ********    1932 : [0, 0]
2398   ********    1933 : [1.0, 0.0]
2398   ********    1934 : [0, 0]
2398   ********    1935 : [0, 0]
2398   ********    1936 : [0, 0]
2398   ********    1937 : [1.0, 0.0]
2398   ********    1938 : [0, 0]
2398   ********    1939 : [0, 0]
2398   ********    1940 : [0, 0]
2398   ********    1941 : [0, 0]
2398   ********    1942 : [0, 0]
2398   ********    1943 : [1.0, 0.0]
2398   ********    1944 : [1.0, 0.0]
2398   ********    1945 : [0, 0]
2398   ********    1946 : [0, 0]
2398   ********    1947 : [0, 0]
2398   ********    1948 : [0, 0]
2398   ********    1949 : [0, 0]
2398   ********    1950 : [1.0, 0.0]
2398   ********    1951 : [0, 0]
2398   ********    1952 : [1.0, 0.0]
2398   ********    1953 : [1.0, 0.0]
2398   ********    1954 : [1.0, 0.0]
2398   ********    1955 : [0.0, 1.0]
2398   ********    1956 : [1.0, 0.0]
2398   ********    1957 : [0.0, 1.0]
2398   ********    1958 : [1.0, 0.0]
2398   ********    1959 : [0.6666666666666666, 0.3333333333333333]
2398   ********    1960 : [0.5, 0.5]
2398   ********    1961 : [0.6666666666666666, 0.3333333333333333]
2398   ********    1962 : [0.5, 0.5]
2398   ********    1963 : [1.0, 0.0]
2398   ********    1964 : [1.0, 0.0]
2398   ********    1965 : [1.0, 0.0]
2398   ********    1966 : [1.0, 0.0]
2398   ********    1967 : [0.75, 0.25]
2398   ********    1968 : [1.0, 0.0]
2398   ********    1969 : [0.75, 0.25]
2398   ********    1970 : [1.0, 0.0]
2398   ********    1971 : [0.6666666666666666, 0.3333333333333333]
2398   ********    1972 : [1.0, 0.0]
2398   ********    1973 : [0.6666666666666666, 0.3333333333333333]
2398   ********    1974 : [1.0, 0.0]
2398   ********    1975 : [1.0, 0.0]
2398   ********    1976 : [1.0, 0.0]
2398   ********    1977 : [1.0, 0.0]
2398   ********    1978 : [1.0, 0.0]
2398   ********    1979 : [0.5, 0.5]
2398   ********    1980 : [0.8, 0.2]
2398   ********    1981 : [0.5, 0.5]
2398   ********    1982 : [0.8, 0.2]
2398   ********    1983 : [0, 0]
2398   ********    1984 : [0, 0]
2398   ********    1985 : [1.0, 0.0]
2398   ********    1986 : [0, 0]
2398   ********    1987 : [0.875, 0.125]
2398   ********    1988 : [0, 0]
2398   ********    1989 : [1.0, 0.0]
2398   ********    1990 : [1.0, 0.0]
2398   ********    1991 : [0, 0]
2398   ********    1992 : [0.875, 0.125]
2398   ********    1993 : [0, 0]
2398   ********    1994 : [1.0, 0.0]
2398   ********    1995 : [0, 0]
2398   ********    1996 : [1.0, 0.0]
2398   ********    1997 : [0, 0]
2398   ********    1998 : [1.0, 0.0]
2398   ********    1999 : [0, 0]
2398   ********    2000 : [0, 0]
2398   ********    2001 : [0, 0]
2398   ********    2002 : [0.0, 1.0]
2398   ********    2003 : [0, 0]
2398   ********    2004 : [0, 0]
2398   ********    2005 : [0, 0]
2398   ********    2006 : [0.0, 1.0]
2398   ********    2007 : [0, 0]
2398   ********    2008 : [0, 0]
2398   ********    2009 : [0, 0]
2398   ********    2010 : [0, 0]
2398   ********    2011 : [1.0, 0.0]
2398   ********    2012 : [1.0, 0.0]
2398   ********    2013 : [1.0, 0.0]
2398   ********    2014 : [1.0, 0.0]
2398   ********    2015 : [0, 0]
2398   ********    2016 : [0, 0]
2398   ********    2017 : [0, 0]
2398   ********    2018 : [0, 0]
2398   ********    2019 : [0.6666666666666666, 0.3333333333333333]
2398   ********    2020 : [0, 0]
2398   ********    2021 : [1.0, 0.0]
2398   ********    2022 : [0.6666666666666666, 0.3333333333333333]
2398   ********    2023 : [0, 0]
2398   ********    2024 : [1.0, 0.0]
2398   ********    2025 : [0, 0]
2398   ********    2026 : [0.8571428571428571, 0.14285714285714285]
2398   ********    2027 : [1.0, 0.0]
2398   ********    2028 : [0, 0]
2398   ********    2029 : [0.8571428571428571, 0.14285714285714285]
2398   ********    2030 : [1.0, 0.0]
2398   ********    2031 : [0.6666666666666666, 0.3333333333333333]
2398   ********    2032 : [1.0, 0.0]
2398   ********    2033 : [1.0, 0.0]
2398   ********    2034 : [0.6666666666666666, 0.3333333333333333]
2398   ********    2035 : [1.0, 0.0]
2398   ********    2036 : [1.0, 0.0]
2398   ********    2037 : [0.6666666666666666, 0.3333333333333333]
2398   ********    2038 : [0.0, 1.0]
2398   ********    2039 : [0.5, 0.5]
2398   ********    2040 : [1.0, 0.0]
2398   ********    2041 : [0.6666666666666666, 0.3333333333333333]
2398   ********    2042 : [0.0, 1.0]
2398   ********    2043 : [0.5, 0.5]
2398   ********    2044 : [1.0, 0.0]
2398   ********    2045 : [0.75, 0.25]
2398   ********    2046 : [0, 0]
2398   ********    2047 : [1.0, 0.0]
2398   ********    2048 : [0.75, 0.25]
2398   ********    2049 : [0, 0]
2398   ********    2050 : [1.0, 0.0]
2398   ********    2051 : [0.5, 0.5]
2398   ********    2052 : [0.5, 0.5]
2398   ********    2053 : [0, 0]
2398   ********    2054 : [1.0, 0.0]
2398   ********    2055 : [0, 0]
2398   ********    2056 : [1.0, 0.0]
2398   ********    2057 : [0, 0]
2398   ********    2058 : [0.8, 0.2]
2398   ********    2059 : [0.5, 0.5]
2398   ********    2060 : [0, 0]
2398   ********    2061 : [0.8, 0.2]
2398   ********    2062 : [0.5, 0.5]
2398   ********    2063 : [0, 0]
2398   ********    2064 : [0, 0]
2398   ********    2065 : [0.8, 0.2]
2398   ********    2066 : [0.8, 0.2]
2398   ********    2067 : [0, 0]
2398   ********    2068 : [0, 0]
2398   ********    2069 : [0, 0]
2398   ********    2070 : [0, 0]
2398   ********    2071 : [0, 0]
2398   ********    2072 : [0, 0]
2398   ********    2073 : [0, 0]
2398   ********    2074 : [1.0, 0.0]
2398   ********    2075 : [0.8, 0.2]
2398   ********    2076 : [1.0, 0.0]
2398   ********    2077 : [0, 0]
2398   ********    2078 : [0.0, 1.0]
2398   ********    2079 : [0, 0]
2398   ********    2080 : [1.0, 0.0]
2398   ********    2081 : [0.8, 0.2]
2398   ********    2082 : [1.0, 0.0]
2398   ********    2083 : [0, 0]
2398   ********    2084 : [0.0, 1.0]
2398   ********    2085 : [0, 0]
2398   ********    2086 : [0, 0]
2398   ********    2087 : [0, 0]
2398   ********    2088 : [1.0, 0.0]
2398   ********    2089 : [0, 0]
2398   ********    2090 : [1.0, 0.0]
2398   ********    2091 : [1.0, 0.0]
2398   ********    2092 : [1.0, 0.0]
2398   ********    2093 : [1.0, 0.0]
2398   ********    2094 : [0.7142857142857143, 0.2857142857142857]
2398   ********    2095 : [1.0, 0.0]
2398   ********    2096 : [0.75, 0.25]
2398   ********    2097 : [1.0, 0.0]
2398   ********    2098 : [0.7142857142857143, 0.2857142857142857]
2398   ********    2099 : [1.0, 0.0]
2398   ********    2100 : [0.75, 0.25]
2398   ********    2101 : [0, 0]
2398   ********    2102 : [1.0, 0.0]
2398   ********    2103 : [0, 0]
2398   ********    2104 : [1.0, 0.0]
2398   ********    2105 : [0, 0]
2398   ********    2106 : [0, 0]
2398   ********    2107 : [0, 0]
2398   ********    2108 : [0, 0]
2398   ********    2109 : [0, 0]
2398   ********    2110 : [0, 0]
2398   ********    2111 : [0, 0]
2398   ********    2112 : [0, 0]
2398   ********    2113 : [0, 0]
2398   ********    2114 : [0.5, 0.5]
2398   ********    2115 : [0, 0]
2398   ********    2116 : [0.5, 0.5]
2398   ********    2117 : [0, 0]
2398   ********    2118 : [0.8181818181818182, 0.18181818181818182]
2398   ********    2119 : [0, 0]
2398   ********    2120 : [0.8181818181818182, 0.18181818181818182]
2398   ********    2121 : [0, 0]
2398   ********    2122 : [1.0, 0.0]
2398   ********    2123 : [0, 0]
2398   ********    2124 : [1.0, 0.0]
2398   ********    2125 : [1.0, 0.0]
2398   ********    2126 : [1.0, 0.0]
2398   ********    2127 : [0, 0]
2398   ********    2128 : [0.8571428571428571, 0.14285714285714285]
2398   ********    2129 : [0, 0]
2398   ********    2130 : [0.8571428571428571, 0.14285714285714285]
2398   ********    2131 : [0.75, 0.25]
2398   ********    2132 : [0, 0]
2398   ********    2133 : [0.75, 0.25]
2398   ********    2134 : [0, 0]
2398   ********    2135 : [0, 0]
2398   ********    2136 : [1.0, 0.0]
2398   ********    2137 : [1.0, 0.0]
2398   ********    2138 : [0, 0]
2398   ********    2139 : [1.0, 0.0]
2398   ********    2140 : [1.0, 0.0]
2398   ********    2141 : [0.0, 1.0]
2398   ********    2142 : [0.0, 1.0]
2398   ********    2143 : [0, 0]
2398   ********    2144 : [1.0, 0.0]
2398   ********    2145 : [1.0, 0.0]
2398   ********    2146 : [0, 0]
2398   ********    2147 : [1.0, 0.0]
2398   ********    2148 : [1.0, 0.0]
2398   ********    2149 : [1.0, 0.0]
2398   ********    2150 : [1.0, 0.0]
2398   ********    2151 : [1.0, 0.0]
2398   ********    2152 : [0, 0]
2398   ********    2153 : [1.0, 0.0]
2398   ********    2154 : [0, 0]
2398   ********    2155 : [1.0, 0.0]
2398   ********    2156 : [0, 0]
2398   ********    2157 : [1.0, 0.0]
2398   ********    2158 : [0, 0]
2398   ********    2159 : [0, 0]
2398   ********    2160 : [0.5, 0.5]
2398   ********    2161 : [0.3333333333333333, 0.6666666666666666]
2398   ********    2162 : [0, 0]
2398   ********    2163 : [0.5, 0.5]
2398   ********    2164 : [0.3333333333333333, 0.6666666666666666]
2398   ********    2165 : [0, 0]
2398   ********    2166 : [0, 0]
2398   ********    2167 : [0, 0]
2398   ********    2168 : [0, 0]
2398   ********    2169 : [0, 0]
2398   ********    2170 : [0.0, 1.0]
2398   ********    2171 : [0, 0]
2398   ********    2172 : [0, 0]
2398   ********    2173 : [0.0, 1.0]
2398   ********    2174 : [0, 0]
2398   ********    2175 : [1.0, 0.0]
2398   ********    2176 : [1.0, 0.0]
2398   ********    2177 : [0.7, 0.3]
2398   ********    2178 : [0.7, 0.3]
2398   ********    2179 : [0.875, 0.125]
2398   ********    2180 : [0.3333333333333333, 0.6666666666666666]
2398   ********    2181 : [0.5, 0.5]
2398   ********    2182 : [0.875, 0.125]
2398   ********    2183 : [0.3333333333333333, 0.6666666666666666]
2398   ********    2184 : [0.5, 0.5]
2398   ********    2185 : [0, 0]
2398   ********    2186 : [0, 0]
2398   ********    2187 : [0.45454545454545453, 0.5454545454545454]
2398   ********    2188 : [1.0, 0.0]
2398   ********    2189 : [1.0, 0.0]
2398   ********    2190 : [0.45454545454545453, 0.5454545454545454]
2398   ********    2191 : [1.0, 0.0]
2398   ********    2192 : [1.0, 0.0]
2398   ********    2193 : [0.7272727272727273, 0.2727272727272727]
2398   ********    2194 : [0.7272727272727273, 0.2727272727272727]
2398   ********    2195 : [1.0, 0.0]
2398   ********    2196 : [1.0, 0.0]
2398   ********    2197 : [0.0, 1.0]
2398   ********    2198 : [0.0, 1.0]
2398   ********    2199 : [1.0, 0.0]
2398   ********    2200 : [1.0, 0.0]
2398   ********    2201 : [1.0, 0.0]
2398   ********    2202 : [0, 0]
2398   ********    2203 : [1.0, 0.0]
2398   ********    2204 : [0, 0]
2398   ********    2205 : [0.5, 0.5]
2398   ********    2206 : [0, 0]
2398   ********    2207 : [0.5, 0.5]
2398   ********    2208 : [0, 0]
2398   ********    2209 : [1.0, 0.0]
2398   ********    2210 : [1.0, 0.0]
2398   ********    2211 : [1.0, 0.0]
2398   ********    2212 : [0, 0]
2398   ********    2213 : [1.0, 0.0]
2398   ********    2214 : [1.0, 0.0]
2398   ********    2215 : [0, 0]
2398   ********    2216 : [1.0, 0.0]
2398   ********    2217 : [1.0, 0.0]
2398   ********    2218 : [0.6666666666666666, 0.3333333333333333]
2398   ********    2219 : [1.0, 0.0]
2398   ********    2220 : [0.6666666666666666, 0.3333333333333333]
2398   ********    2221 : [0.8888888888888888, 0.1111111111111111]
2398   ********    2222 : [0.8888888888888888, 0.1111111111111111]
2398   ********    2223 : [1.0, 0.0]
2398   ********    2224 : [1.0, 0.0]
2398   ********    2225 : [1.0, 0.0]
2398   ********    2226 : [1.0, 0.0]
2398   ********    2227 : [0, 0]
2398   ********    2228 : [1.0, 0.0]
2398   ********    2229 : [0, 0]
2398   ********    2230 : [1.0, 0.0]
2398   ********    2231 : [1.0, 0.0]
2398   ********    2232 : [0, 0]
2398   ********    2233 : [1.0, 0.0]
2398   ********    2234 : [0, 0]
2398   ********    2235 : [0.8, 0.2]
2398   ********    2236 : [0.8, 0.2]
2398   ********    2237 : [0.5, 0.5]
2398   ********    2238 : [1.0, 0.0]
2398   ********    2239 : [0.5, 0.5]
2398   ********    2240 : [1.0, 0.0]
2398   ********    2241 : [1.0, 0.0]
2398   ********    2242 : [1.0, 0.0]
2398   ********    2243 : [0, 0]
2398   ********    2244 : [0, 0]
2398   ********    2245 : [0, 0]
2398   ********    2246 : [0, 0]
2398   ********    2247 : [1.0, 0.0]
2398   ********    2248 : [0, 0]
2398   ********    2249 : [1.0, 0.0]
2398   ********    2250 : [0, 0]
2398   ********    2251 : [0, 0]
2398   ********    2252 : [0, 0]
2398   ********    2253 : [0, 0]
2398   ********    2254 : [0, 0]
2398   ********    2255 : [1.0, 0.0]
2398   ********    2256 : [0, 0]
2398   ********    2257 : [0, 0]
2398   ********    2258 : [0, 0]
2398   ********    2259 : [0, 0]
2398   ********    2260 : [1.0, 0.0]
2398   ********    2261 : [0, 0]
2398   ********    2262 : [0, 0]
2398   ********    2263 : [1.0, 0.0]
2398   ********    2264 : [0, 0]
2398   ********    2265 : [0, 0]
2398   ********    2266 : [1.0, 0.0]
2398   ********    2267 : [0, 0]
2398   ********    2268 : [0.75, 0.25]
2398   ********    2269 : [0, 0]
2398   ********    2270 : [0, 0]
2398   ********    2271 : [0.75, 0.25]
2398   ********    2272 : [0, 0]
2398   ********    2273 : [0, 0]
2398   ********    2274 : [0.6666666666666666, 0.3333333333333333]
2398   ********    2275 : [0, 0]
2398   ********    2276 : [0.6666666666666666, 0.3333333333333333]
2398   ********    2277 : [1.0, 0.0]
2398   ********    2278 : [1.0, 0.0]
2398   ********    2279 : [1.0, 0.0]
2398   ********    2280 : [1.0, 0.0]
2398   ********    2281 : [1.0, 0.0]
2398   ********    2282 : [0.5, 0.5]
2398   ********    2283 : [0.5, 0.5]
2398   ********    2284 : [1.0, 0.0]
2398   ********    2285 : [0.5, 0.5]
2398   ********    2286 : [0.5, 0.5]
2398   ********    2287 : [0.4, 0.6]
2398   ********    2288 : [1.0, 0.0]
2398   ********    2289 : [0, 0]
2398   ********    2290 : [0, 0]
2398   ********    2291 : [1.0, 0.0]
2398   ********    2292 : [1.0, 0.0]
2398   ********    2293 : [0.4, 0.6]
2398   ********    2294 : [1.0, 0.0]
2398   ********    2295 : [0, 0]
2398   ********    2296 : [0, 0]
2398   ********    2297 : [1.0, 0.0]
2398   ********    2298 : [1.0, 0.0]
2398   ********    2299 : [0, 0]
2398   ********    2300 : [0, 0]
2398   ********    2301 : [1.0, 0.0]
2398   ********    2302 : [1.0, 0.0]
